Using pre-set license
Built from '2022.3/staging' branch; Version is '2022.3.19f1 (244b723c30a6) revision 2378610'; Using compiler version '192829333'; Build Type 'Release'
OS: 'Windows 10  (10.0.19045) 64bit Professional' Language: 'ru' Physical Memory: 7613 MB
BatchMode: 1, IsHumanControllingUs: 0, StartBugReporterOnCrash: 0, Is64bit: 1, IsPro: 1

COMMAND LINE ARGUMENTS:
D:\Unity Editor\2022.3.19f1\Editor\Unity.exe
-adb2
-batchMode
-noUpm
-name
AssetImportWorker0
-projectPath
D:/УУНиТ/Диплом/Diplom3
-logFile
Logs/AssetImportWorker0.log
-srvPort
61387
Successfully changed project path to: D:/УУНиТ/Диплом/Diplom3
D:/УУНиТ/Диплом/Diplom3
[UnityMemory] Configuration Parameters - Can be set up in boot.config
    "memorysetup-bucket-allocator-granularity=16"
    "memorysetup-bucket-allocator-bucket-count=8"
    "memorysetup-bucket-allocator-block-size=33554432"
    "memorysetup-bucket-allocator-block-count=8"
    "memorysetup-main-allocator-block-size=16777216"
    "memorysetup-thread-allocator-block-size=16777216"
    "memorysetup-gfx-main-allocator-block-size=16777216"
    "memorysetup-gfx-thread-allocator-block-size=16777216"
    "memorysetup-cache-allocator-block-size=4194304"
    "memorysetup-typetree-allocator-block-size=2097152"
    "memorysetup-profiler-bucket-allocator-granularity=16"
    "memorysetup-profiler-bucket-allocator-bucket-count=8"
    "memorysetup-profiler-bucket-allocator-block-size=33554432"
    "memorysetup-profiler-bucket-allocator-block-count=8"
    "memorysetup-profiler-allocator-block-size=16777216"
    "memorysetup-profiler-editor-allocator-block-size=1048576"
    "memorysetup-temp-allocator-size-main=16777216"
    "memorysetup-job-temp-allocator-block-size=2097152"
    "memorysetup-job-temp-allocator-block-size-background=1048576"
    "memorysetup-job-temp-allocator-reduction-small-platforms=262144"
    "memorysetup-allocator-temp-initial-block-size-main=262144"
    "memorysetup-allocator-temp-initial-block-size-worker=262144"
    "memorysetup-temp-allocator-size-background-worker=32768"
    "memorysetup-temp-allocator-size-job-worker=262144"
    "memorysetup-temp-allocator-size-preload-manager=33554432"
    "memorysetup-temp-allocator-size-nav-mesh-worker=65536"
    "memorysetup-temp-allocator-size-audio-worker=65536"
    "memorysetup-temp-allocator-size-cloud-worker=32768"
    "memorysetup-temp-allocator-size-gi-baking-worker=262144"
    "memorysetup-temp-allocator-size-gfx=262144"
Player connection [13404] Host "[IP] 192.168.0.121 [Port] 0 [Flags] 2 [Guid] 1475630956 [EditorId] 1475630956 [Version] 1048832 [Id] WindowsEditor(7,DESKTOP-D1G5I8F) [Debug] 1 [PackageName] WindowsEditor [ProjectName] Editor" joined multi-casting on [225.0.0.222:54997]...

Player connection [13404] Host "[IP] 192.168.0.121 [Port] 0 [Flags] 2 [Guid] 1475630956 [EditorId] 1475630956 [Version] 1048832 [Id] WindowsEditor(7,DESKTOP-D1G5I8F) [Debug] 1 [PackageName] WindowsEditor [ProjectName] Editor" joined alternative multi-casting on [225.0.0.222:34997]...

[Physics::Module] Initialized MultithreadedJobDispatcher with 7 workers.
Refreshing native plugins compatible for Editor in 10.99 ms, found 3 plugins.
Preloading 0 native plugins for Editor in 0.00 ms.
Initialize engine version: 2022.3.19f1 (244b723c30a6)
[Subsystems] Discovering subsystems at path D:/Unity Editor/2022.3.19f1/Editor/Data/Resources/UnitySubsystems
[Subsystems] Discovering subsystems at path D:/УУНиТ/Диплом/Diplom3/Assets
GfxDevice: creating device client; threaded=0; jobified=0
Direct3D:
    Version:  Direct3D 11.0 [level 11.1]
    Renderer: NVIDIA GeForce GTX 1650 (ID=0x1f91)
    Vendor:   NVIDIA
    VRAM:     3935 MB
    Driver:   31.0.15.5123
Initialize mono
Mono path[0] = 'D:/Unity Editor/2022.3.19f1/Editor/Data/Managed'
Mono path[1] = 'D:/Unity Editor/2022.3.19f1/Editor/Data/MonoBleedingEdge/lib/mono/unityjit-win32'
Mono config path = 'D:/Unity Editor/2022.3.19f1/Editor/Data/MonoBleedingEdge/etc'
Using monoOptions --debugger-agent=transport=dt_socket,embedding=1,server=y,suspend=n,address=127.0.0.1:56332
Begin MonoManager ReloadAssembly
Registering precompiled unity dll's ...
Register platform support module: D:/Unity Editor/2022.3.19f1/Editor/Data/PlaybackEngines/WebGLSupport/UnityEditor.WebGL.Extensions.dll
Register platform support module: D:/Unity Editor/2022.3.19f1/Editor/Data/PlaybackEngines/WindowsStandaloneSupport/UnityEditor.WindowsStandalone.Extensions.dll
Registered in 0.008492 seconds.
- Loaded All Assemblies, in  0.801 seconds
Native extension for WindowsStandalone target not found
Native extension for WebGL target not found
Mono: successfully reloaded assembly
- Finished resetting the current domain, in  0.569 seconds
Domain Reload Profiling: 1370ms
	BeginReloadAssembly (296ms)
		ExecutionOrderSort (0ms)
		DisableScriptedObjects (0ms)
		BackupInstance (0ms)
		ReleaseScriptingObjects (0ms)
		CreateAndSetChildDomain (1ms)
	RebuildCommonClasses (66ms)
	RebuildNativeTypeToScriptingClass (20ms)
	initialDomainReloadingComplete (94ms)
	LoadAllAssembliesAndSetupDomain (324ms)
		LoadAssemblies (296ms)
		RebuildTransferFunctionScriptingTraits (0ms)
		AnalyzeDomain (320ms)
			TypeCache.Refresh (315ms)
				TypeCache.ScanAssembly (285ms)
			ScanForSourceGeneratedMonoScriptInfo (1ms)
			ResolveRequiredComponents (2ms)
	FinalizeReload (570ms)
		ReleaseScriptCaches (0ms)
		RebuildScriptCaches (0ms)
		SetupLoadedEditorAssemblies (427ms)
			LogAssemblyErrors (0ms)
			InitializePlatformSupportModulesInManaged (24ms)
			SetLoadedEditorAssemblies (16ms)
			RefreshPlugins (0ms)
			BeforeProcessingInitializeOnLoad (5ms)
			ProcessInitializeOnLoadAttributes (289ms)
			ProcessInitializeOnLoadMethodAttributes (92ms)
			AfterProcessingInitializeOnLoad (0ms)
			EditorAssembliesLoaded (0ms)
		ExecutionOrderSort2 (0ms)
		AwakeInstancesAfterBackupRestoration (0ms)
========================================================================
Worker process is ready to serve import requests
Begin MonoManager ReloadAssembly
- Loaded All Assemblies, in  1.218 seconds
Refreshing native plugins compatible for Editor in 4.53 ms, found 3 plugins.
Native extension for WindowsStandalone target not found
Native extension for WebGL target not found
Package Manager log level set to [2]
[Package Manager] Server::EnsureServerProcessIsRunning -- launch failed, reason: Unity was launched with the -noUpm command-line argument
[Package Manager] UpmClient::Send -- Unable to send message (not connected to UPM process).
[Package Manager] Cannot connect to Unity Package Manager local server
Mono: successfully reloaded assembly
- Finished resetting the current domain, in  1.039 seconds
Domain Reload Profiling: 2257ms
	BeginReloadAssembly (342ms)
		ExecutionOrderSort (0ms)
		DisableScriptedObjects (12ms)
		BackupInstance (0ms)
		ReleaseScriptingObjects (1ms)
		CreateAndSetChildDomain (42ms)
	RebuildCommonClasses (63ms)
	RebuildNativeTypeToScriptingClass (22ms)
	initialDomainReloadingComplete (73ms)
	LoadAllAssembliesAndSetupDomain (717ms)
		LoadAssemblies (609ms)
		RebuildTransferFunctionScriptingTraits (0ms)
		AnalyzeDomain (320ms)
			TypeCache.Refresh (278ms)
				TypeCache.ScanAssembly (248ms)
			ScanForSourceGeneratedMonoScriptInfo (30ms)
			ResolveRequiredComponents (9ms)
	FinalizeReload (1040ms)
		ReleaseScriptCaches (0ms)
		RebuildScriptCaches (0ms)
		SetupLoadedEditorAssemblies (750ms)
			LogAssemblyErrors (0ms)
			InitializePlatformSupportModulesInManaged (11ms)
			SetLoadedEditorAssemblies (6ms)
			RefreshPlugins (0ms)
			BeforeProcessingInitializeOnLoad (100ms)
			ProcessInitializeOnLoadAttributes (584ms)
			ProcessInitializeOnLoadMethodAttributes (43ms)
			AfterProcessingInitializeOnLoad (6ms)
			EditorAssembliesLoaded (0ms)
		ExecutionOrderSort2 (0ms)
		AwakeInstancesAfterBackupRestoration (14ms)
Launched and connected shader compiler UnityShaderCompiler.exe after 0.06 seconds
Refreshing native plugins compatible for Editor in 2.84 ms, found 3 plugins.
Preloading 0 native plugins for Editor in 0.00 ms.
Unloading 3154 Unused Serialized files (Serialized files now loaded: 0)
Unloading 32 unused Assets / (57.4 KB). Loaded Objects now: 3616.
Memory consumption went from 127.7 MB to 127.7 MB.
Total: 5.195600 ms (FindLiveObjects: 0.399600 ms CreateObjectMapping: 0.142600 ms MarkObjects: 4.505400 ms  DeleteObjects: 0.146100 ms)

AssetImportParameters requested are different than current active one (requested -> active):
  custom:container-demuxer-ogg: 62fdf1f143b41e24485cea50d1cbac27 -> 
  custom:video-decoder-ogg-theora: a1e56fd34408186e4bbccfd4996cb3dc -> 
  custom:framework-win-MediaFoundation: 216162199b28c13a410421893ffa2e32 -> 
  custom:CustomObjectIndexerAttribute: 6d391050e5a25f67b0a2c618074f2cd9 -> 
  custom:container-demuxer-webm: 4f35f7cbe854078d1ac9338744f61a02 -> 
  custom:container-muxer-webm: aa71ff27fc2769a1b78a27578f13a17b -> 
  custom:video-decoder-webm-vp8: 9c59270c3fd7afecdb556c50c9e8de78 -> 
  custom:SearchIndexIgnoredProperties: e643bd26f0fe6173181afceb89e7c659 -> 
  custom:AudioImporter_EditorPlatform: d09bf68614088b80899f8185d706f6e7 -> 
  custom:video-encoder-webm-vp8: eb34c28f22e8b96e1ab97ce403110664 -> 
  custom:audio-decoder-ogg-vorbis: bf7c407c2cedff20999df2af8eb42d56 -> 
  custom:audio-encoder-webm-vorbis: bf7c407c2cedff20999df2af8eb42d56 -> 
========================================================================
Received Import Request.
  Time since last request: 155517.879247 seconds.
  path: Assets/Scenes/C6F2 RU.unity
  artifactKey: Guid(d62d00b4f0f287a4881e5c2d95782c42) Importer(815301076,1909f56bfc062723c751e8b465ee728b)
Start importing Assets/Scenes/C6F2 RU.unity using Guid(d62d00b4f0f287a4881e5c2d95782c42) Importer(815301076,1909f56bfc062723c751e8b465ee728b)  -> (artifact id: '375ee07f7ac564418017ddb8206f21e7') in 0.004882 seconds
Number of updated asset objects reloaded before import = 0
Number of asset objects unloaded after import = 0
========================================================================
Received Import Request.
  Time since last request: 50.964851 seconds.
  path: Assets/Models/c6f2.fbx
  artifactKey: Guid(59f58f23937baec43af8d218e74d2817) Importer(815301076,1909f56bfc062723c751e8b465ee728b)
Start importing Assets/Models/c6f2.fbx using Guid(59f58f23937baec43af8d218e74d2817) Importer(815301076,1909f56bfc062723c751e8b465ee728b)  -> (artifact id: '729acf0d43fa25aa9f8cd18430c685e3') in 9.132344 seconds
Number of updated asset objects reloaded before import = 0
Number of asset objects unloaded after import = 3442
========================================================================
Received Import Request.
  Time since last request: 148.270829 seconds.
  path: Assets/Scenes/C6F1 ENG.unity
  artifactKey: Guid(131482e0e470b794886dc94116f17169) Importer(815301076,1909f56bfc062723c751e8b465ee728b)
Start importing Assets/Scenes/C6F1 ENG.unity using Guid(131482e0e470b794886dc94116f17169) Importer(815301076,1909f56bfc062723c751e8b465ee728b)  -> (artifact id: 'fc60cdf883c8721376d847d7b1419bb1') in 0.008340 seconds
Number of updated asset objects reloaded before import = 0
Number of asset objects unloaded after import = 0
========================================================================
Received Import Request.
  Time since last request: 2.612041 seconds.
  path: Assets/Scenes/C6F2 RU.unity
  artifactKey: Guid(d62d00b4f0f287a4881e5c2d95782c42) Importer(815301076,1909f56bfc062723c751e8b465ee728b)
Start importing Assets/Scenes/C6F2 RU.unity using Guid(d62d00b4f0f287a4881e5c2d95782c42) Importer(815301076,1909f56bfc062723c751e8b465ee728b)  -> (artifact id: 'ed9f6036cf8e39fb8f024d63b7ad2d81') in 0.000638 seconds
Number of updated asset objects reloaded before import = 0
Number of asset objects unloaded after import = 0
========================================================================
Received Import Request.
  Time since last request: 128.583337 seconds.
  path: Assets/Models/Floor.mat
  artifactKey: Guid(fc877a8b654acfe46a0f51c692373d74) Importer(815301076,1909f56bfc062723c751e8b465ee728b)
Start importing Assets/Models/Floor.mat using Guid(fc877a8b654acfe46a0f51c692373d74) Importer(815301076,1909f56bfc062723c751e8b465ee728b)  -> (artifact id: '9ab96fd63ba51366f1ae50cbc92857e5') in 0.031380 seconds
Number of updated asset objects reloaded before import = 0
Number of asset objects unloaded after import = 2
========================================================================
Received Import Request.
  Time since last request: 949.968646 seconds.
  path: Assets/Materials/AudTypes/Переход.mat
  artifactKey: Guid(f80e00df3fb8c0549bb4d2e6b79c9fea) Importer(815301076,1909f56bfc062723c751e8b465ee728b)
Start importing Assets/Materials/AudTypes/Переход.mat using Guid(f80e00df3fb8c0549bb4d2e6b79c9fea) Importer(815301076,1909f56bfc062723c751e8b465ee728b)  -> (artifact id: '691591e90bd866efe1a2bb6064fbf9a9') in 0.023358 seconds
Number of updated asset objects reloaded before import = 0
Number of asset objects unloaded after import = 1
========================================================================
Received Prepare
Begin MonoManager ReloadAssembly
- Loaded All Assemblies, in  4.135 seconds
Refreshing native plugins compatible for Editor in 4.16 ms, found 3 plugins.
Native extension for WindowsStandalone target not found
Native extension for WebGL target not found
[Package Manager] Server::EnsureServerProcessIsRunning -- launch failed, reason: Unity was launched with the -noUpm command-line argument
[Package Manager] UpmClient::Send -- Unable to send message (not connected to UPM process).
[Package Manager] Cannot connect to Unity Package Manager local server
Mono: successfully reloaded assembly
- Finished resetting the current domain, in 15.987 seconds
Domain Reload Profiling: 20122ms
	BeginReloadAssembly (244ms)
		ExecutionOrderSort (0ms)
		DisableScriptedObjects (6ms)
		BackupInstance (0ms)
		ReleaseScriptingObjects (0ms)
		CreateAndSetChildDomain (71ms)
	RebuildCommonClasses (52ms)
	RebuildNativeTypeToScriptingClass (15ms)
	initialDomainReloadingComplete (40ms)
	LoadAllAssembliesAndSetupDomain (3783ms)
		LoadAssemblies (3891ms)
		RebuildTransferFunctionScriptingTraits (0ms)
		AnalyzeDomain (24ms)
			TypeCache.Refresh (12ms)
				TypeCache.ScanAssembly (0ms)
			ScanForSourceGeneratedMonoScriptInfo (0ms)
			ResolveRequiredComponents (9ms)
	FinalizeReload (15988ms)
		ReleaseScriptCaches (0ms)
		RebuildScriptCaches (0ms)
		SetupLoadedEditorAssemblies (515ms)
			LogAssemblyErrors (0ms)
			InitializePlatformSupportModulesInManaged (9ms)
			SetLoadedEditorAssemblies (4ms)
			RefreshPlugins (0ms)
			BeforeProcessingInitializeOnLoad (75ms)
			ProcessInitializeOnLoadAttributes (392ms)
			ProcessInitializeOnLoadMethodAttributes (30ms)
			AfterProcessingInitializeOnLoad (5ms)
			EditorAssembliesLoaded (0ms)
		ExecutionOrderSort2 (0ms)
		AwakeInstancesAfterBackupRestoration (9ms)
Refreshing native plugins compatible for Editor in 3.28 ms, found 3 plugins.
Preloading 0 native plugins for Editor in 0.00 ms.
Unloading 3133 Unused Serialized files (Serialized files now loaded: 0)
Unloading 22 unused Assets / (30.2 KB). Loaded Objects now: 3664.
Memory consumption went from 131.6 MB to 131.6 MB.
Total: 3.582600 ms (FindLiveObjects: 0.435000 ms CreateObjectMapping: 0.162800 ms MarkObjects: 2.927400 ms  DeleteObjects: 0.056000 ms)

Prepare: number of updated asset objects reloaded= 0
AssetImportParameters requested are different than current active one (requested -> active):
  custom:container-demuxer-ogg: 62fdf1f143b41e24485cea50d1cbac27 -> 
  custom:video-decoder-ogg-theora: a1e56fd34408186e4bbccfd4996cb3dc -> 
  custom:framework-win-MediaFoundation: 216162199b28c13a410421893ffa2e32 -> 
  custom:CustomObjectIndexerAttribute: 6d391050e5a25f67b0a2c618074f2cd9 -> 
  custom:container-demuxer-webm: 4f35f7cbe854078d1ac9338744f61a02 -> 
  custom:container-muxer-webm: aa71ff27fc2769a1b78a27578f13a17b -> 
  custom:video-decoder-webm-vp8: 9c59270c3fd7afecdb556c50c9e8de78 -> 
  custom:SearchIndexIgnoredProperties: e643bd26f0fe6173181afceb89e7c659 -> 
  custom:AudioImporter_EditorPlatform: d09bf68614088b80899f8185d706f6e7 -> 
  custom:video-encoder-webm-vp8: eb34c28f22e8b96e1ab97ce403110664 -> 
  custom:audio-decoder-ogg-vorbis: bf7c407c2cedff20999df2af8eb42d56 -> 
  custom:audio-encoder-webm-vorbis: bf7c407c2cedff20999df2af8eb42d56 -> 
========================================================================
Received Prepare
Begin MonoManager ReloadAssembly
- Loaded All Assemblies, in  0.675 seconds
Refreshing native plugins compatible for Editor in 3.16 ms, found 3 plugins.
Native extension for WindowsStandalone target not found
Native extension for WebGL target not found
[Package Manager] Server::EnsureServerProcessIsRunning -- launch failed, reason: Unity was launched with the -noUpm command-line argument
[Package Manager] UpmClient::Send -- Unable to send message (not connected to UPM process).
[Package Manager] Cannot connect to Unity Package Manager local server
Mono: successfully reloaded assembly
- Finished resetting the current domain, in  2.148 seconds
Domain Reload Profiling: 2823ms
	BeginReloadAssembly (223ms)
		ExecutionOrderSort (0ms)
		DisableScriptedObjects (8ms)
		BackupInstance (0ms)
		ReleaseScriptingObjects (0ms)
		CreateAndSetChildDomain (52ms)
	RebuildCommonClasses (46ms)
	RebuildNativeTypeToScriptingClass (16ms)
	initialDomainReloadingComplete (35ms)
	LoadAllAssembliesAndSetupDomain (353ms)
		LoadAssemblies (464ms)
		RebuildTransferFunctionScriptingTraits (0ms)
		AnalyzeDomain (17ms)
			TypeCache.Refresh (7ms)
				TypeCache.ScanAssembly (0ms)
			ScanForSourceGeneratedMonoScriptInfo (0ms)
			ResolveRequiredComponents (8ms)
	FinalizeReload (2149ms)
		ReleaseScriptCaches (0ms)
		RebuildScriptCaches (0ms)
		SetupLoadedEditorAssemblies (715ms)
			LogAssemblyErrors (0ms)
			InitializePlatformSupportModulesInManaged (13ms)
			SetLoadedEditorAssemblies (5ms)
			RefreshPlugins (0ms)
			BeforeProcessingInitializeOnLoad (101ms)
			ProcessInitializeOnLoadAttributes (551ms)
			ProcessInitializeOnLoadMethodAttributes (40ms)
			AfterProcessingInitializeOnLoad (6ms)
			EditorAssembliesLoaded (0ms)
		ExecutionOrderSort2 (0ms)
		AwakeInstancesAfterBackupRestoration (13ms)
Refreshing native plugins compatible for Editor in 4.90 ms, found 3 plugins.
Preloading 0 native plugins for Editor in 0.00 ms.
Unloading 3133 Unused Serialized files (Serialized files now loaded: 0)
Unloading 22 unused Assets / (30.2 KB). Loaded Objects now: 3667.
Memory consumption went from 133.6 MB to 133.5 MB.
Total: 6.122400 ms (FindLiveObjects: 0.526400 ms CreateObjectMapping: 0.408700 ms MarkObjects: 5.107800 ms  DeleteObjects: 0.077300 ms)

Prepare: number of updated asset objects reloaded= 0
AssetImportParameters requested are different than current active one (requested -> active):
  custom:container-demuxer-ogg: 62fdf1f143b41e24485cea50d1cbac27 -> 
  custom:video-decoder-ogg-theora: a1e56fd34408186e4bbccfd4996cb3dc -> 
  custom:framework-win-MediaFoundation: 216162199b28c13a410421893ffa2e32 -> 
  custom:CustomObjectIndexerAttribute: 6d391050e5a25f67b0a2c618074f2cd9 -> 
  custom:container-demuxer-webm: 4f35f7cbe854078d1ac9338744f61a02 -> 
  custom:container-muxer-webm: aa71ff27fc2769a1b78a27578f13a17b -> 
  custom:video-decoder-webm-vp8: 9c59270c3fd7afecdb556c50c9e8de78 -> 
  custom:SearchIndexIgnoredProperties: e643bd26f0fe6173181afceb89e7c659 -> 
  custom:AudioImporter_EditorPlatform: d09bf68614088b80899f8185d706f6e7 -> 
  custom:video-encoder-webm-vp8: eb34c28f22e8b96e1ab97ce403110664 -> 
  custom:audio-decoder-ogg-vorbis: bf7c407c2cedff20999df2af8eb42d56 -> 
  custom:audio-encoder-webm-vorbis: bf7c407c2cedff20999df2af8eb42d56 -> 
========================================================================
Received Prepare
Begin MonoManager ReloadAssembly
- Loaded All Assemblies, in  0.636 seconds
Refreshing native plugins compatible for Editor in 3.24 ms, found 3 plugins.
Native extension for WindowsStandalone target not found
Native extension for WebGL target not found
[Package Manager] Server::EnsureServerProcessIsRunning -- launch failed, reason: Unity was launched with the -noUpm command-line argument
[Package Manager] UpmClient::Send -- Unable to send message (not connected to UPM process).
[Package Manager] Cannot connect to Unity Package Manager local server
Mono: successfully reloaded assembly
- Finished resetting the current domain, in  1.335 seconds
Domain Reload Profiling: 1971ms
	BeginReloadAssembly (219ms)
		ExecutionOrderSort (0ms)
		DisableScriptedObjects (8ms)
		BackupInstance (0ms)
		ReleaseScriptingObjects (0ms)
		CreateAndSetChildDomain (49ms)
	RebuildCommonClasses (50ms)
	RebuildNativeTypeToScriptingClass (19ms)
	initialDomainReloadingComplete (41ms)
	LoadAllAssembliesAndSetupDomain (307ms)
		LoadAssemblies (404ms)
		RebuildTransferFunctionScriptingTraits (0ms)
		AnalyzeDomain (22ms)
			TypeCache.Refresh (9ms)
				TypeCache.ScanAssembly (0ms)
			ScanForSourceGeneratedMonoScriptInfo (0ms)
			ResolveRequiredComponents (10ms)
	FinalizeReload (1336ms)
		ReleaseScriptCaches (0ms)
		RebuildScriptCaches (0ms)
		SetupLoadedEditorAssemblies (687ms)
			LogAssemblyErrors (0ms)
			InitializePlatformSupportModulesInManaged (9ms)
			SetLoadedEditorAssemblies (4ms)
			RefreshPlugins (0ms)
			BeforeProcessingInitializeOnLoad (80ms)
			ProcessInitializeOnLoadAttributes (545ms)
			ProcessInitializeOnLoadMethodAttributes (43ms)
			AfterProcessingInitializeOnLoad (6ms)
			EditorAssembliesLoaded (0ms)
		ExecutionOrderSort2 (0ms)
		AwakeInstancesAfterBackupRestoration (12ms)
Refreshing native plugins compatible for Editor in 4.50 ms, found 3 plugins.
Preloading 0 native plugins for Editor in 0.00 ms.
Unloading 3133 Unused Serialized files (Serialized files now loaded: 0)
Unloading 22 unused Assets / (30.2 KB). Loaded Objects now: 3670.
Memory consumption went from 135.5 MB to 135.5 MB.
Total: 5.583900 ms (FindLiveObjects: 0.627300 ms CreateObjectMapping: 0.582900 ms MarkObjects: 4.297800 ms  DeleteObjects: 0.074300 ms)

Prepare: number of updated asset objects reloaded= 0
AssetImportParameters requested are different than current active one (requested -> active):
  custom:container-demuxer-ogg: 62fdf1f143b41e24485cea50d1cbac27 -> 
  custom:video-decoder-ogg-theora: a1e56fd34408186e4bbccfd4996cb3dc -> 
  custom:framework-win-MediaFoundation: 216162199b28c13a410421893ffa2e32 -> 
  custom:CustomObjectIndexerAttribute: 6d391050e5a25f67b0a2c618074f2cd9 -> 
  custom:container-demuxer-webm: 4f35f7cbe854078d1ac9338744f61a02 -> 
  custom:container-muxer-webm: aa71ff27fc2769a1b78a27578f13a17b -> 
  custom:video-decoder-webm-vp8: 9c59270c3fd7afecdb556c50c9e8de78 -> 
  custom:SearchIndexIgnoredProperties: e643bd26f0fe6173181afceb89e7c659 -> 
  custom:AudioImporter_EditorPlatform: d09bf68614088b80899f8185d706f6e7 -> 
  custom:video-encoder-webm-vp8: eb34c28f22e8b96e1ab97ce403110664 -> 
  custom:audio-decoder-ogg-vorbis: bf7c407c2cedff20999df2af8eb42d56 -> 
  custom:audio-encoder-webm-vorbis: bf7c407c2cedff20999df2af8eb42d56 -> 
========================================================================
Received Prepare
Begin MonoManager ReloadAssembly
- Loaded All Assemblies, in  0.618 seconds
Refreshing native plugins compatible for Editor in 3.00 ms, found 3 plugins.
Native extension for WindowsStandalone target not found
Native extension for WebGL target not found
[Package Manager] Server::EnsureServerProcessIsRunning -- launch failed, reason: Unity was launched with the -noUpm command-line argument
[Package Manager] UpmClient::Send -- Unable to send message (not connected to UPM process).
[Package Manager] Cannot connect to Unity Package Manager local server
Mono: successfully reloaded assembly
- Finished resetting the current domain, in  1.333 seconds
Domain Reload Profiling: 1944ms
	BeginReloadAssembly (215ms)
		ExecutionOrderSort (0ms)
		DisableScriptedObjects (10ms)
		BackupInstance (0ms)
		ReleaseScriptingObjects (0ms)
		CreateAndSetChildDomain (46ms)
	RebuildCommonClasses (49ms)
	RebuildNativeTypeToScriptingClass (17ms)
	initialDomainReloadingComplete (39ms)
	LoadAllAssembliesAndSetupDomain (290ms)
		LoadAssemblies (396ms)
		RebuildTransferFunctionScriptingTraits (0ms)
		AnalyzeDomain (17ms)
			TypeCache.Refresh (7ms)
				TypeCache.ScanAssembly (0ms)
			ScanForSourceGeneratedMonoScriptInfo (0ms)
			ResolveRequiredComponents (7ms)
	FinalizeReload (1334ms)
		ReleaseScriptCaches (0ms)
		RebuildScriptCaches (0ms)
		SetupLoadedEditorAssemblies (702ms)
			LogAssemblyErrors (0ms)
			InitializePlatformSupportModulesInManaged (10ms)
			SetLoadedEditorAssemblies (5ms)
			RefreshPlugins (0ms)
			BeforeProcessingInitializeOnLoad (86ms)
			ProcessInitializeOnLoadAttributes (551ms)
			ProcessInitializeOnLoadMethodAttributes (42ms)
			AfterProcessingInitializeOnLoad (6ms)
			EditorAssembliesLoaded (0ms)
		ExecutionOrderSort2 (0ms)
		AwakeInstancesAfterBackupRestoration (15ms)
Refreshing native plugins compatible for Editor in 5.88 ms, found 3 plugins.
Preloading 0 native plugins for Editor in 0.00 ms.
Unloading 3133 Unused Serialized files (Serialized files now loaded: 0)
Unloading 22 unused Assets / (30.2 KB). Loaded Objects now: 3673.
Memory consumption went from 137.4 MB to 137.4 MB.
Total: 5.000200 ms (FindLiveObjects: 0.453200 ms CreateObjectMapping: 0.173800 ms MarkObjects: 4.266200 ms  DeleteObjects: 0.104300 ms)

Prepare: number of updated asset objects reloaded= 0
AssetImportParameters requested are different than current active one (requested -> active):
  custom:container-demuxer-ogg: 62fdf1f143b41e24485cea50d1cbac27 -> 
  custom:video-decoder-ogg-theora: a1e56fd34408186e4bbccfd4996cb3dc -> 
  custom:framework-win-MediaFoundation: 216162199b28c13a410421893ffa2e32 -> 
  custom:CustomObjectIndexerAttribute: 6d391050e5a25f67b0a2c618074f2cd9 -> 
  custom:container-demuxer-webm: 4f35f7cbe854078d1ac9338744f61a02 -> 
  custom:container-muxer-webm: aa71ff27fc2769a1b78a27578f13a17b -> 
  custom:video-decoder-webm-vp8: 9c59270c3fd7afecdb556c50c9e8de78 -> 
  custom:SearchIndexIgnoredProperties: e643bd26f0fe6173181afceb89e7c659 -> 
  custom:AudioImporter_EditorPlatform: d09bf68614088b80899f8185d706f6e7 -> 
  custom:video-encoder-webm-vp8: eb34c28f22e8b96e1ab97ce403110664 -> 
  custom:audio-decoder-ogg-vorbis: bf7c407c2cedff20999df2af8eb42d56 -> 
  custom:audio-encoder-webm-vorbis: bf7c407c2cedff20999df2af8eb42d56 -> 
========================================================================
Received Import Request.
  Time since last request: 924.803568 seconds.
  path: Assets/Materials/AudTypes/Переход.mat
  artifactKey: Guid(f80e00df3fb8c0549bb4d2e6b79c9fea) Importer(815301076,1909f56bfc062723c751e8b465ee728b)
Start importing Assets/Materials/AudTypes/Переход.mat using Guid(f80e00df3fb8c0549bb4d2e6b79c9fea) Importer(815301076,1909f56bfc062723c751e8b465ee728b)  -> (artifact id: 'c632e2fb29409d7d7d43c8998bf5d5a1') in 0.144532 seconds
Number of updated asset objects reloaded before import = 0
Number of asset objects unloaded after import = 2
========================================================================
Received Import Request.
  Time since last request: 2.074784 seconds.
  path: Assets/Tree.prefab
  artifactKey: Guid(be4548e6174d30d4f917e9103a8884db) Importer(815301076,1909f56bfc062723c751e8b465ee728b)
Start importing Assets/Tree.prefab using Guid(be4548e6174d30d4f917e9103a8884db) Importer(815301076,1909f56bfc062723c751e8b465ee728b)  -> (artifact id: 'f424d77cfe5b29cd04fa3e210a5605be') in 0.673021 seconds
Number of updated asset objects reloaded before import = 0
Number of asset objects unloaded after import = 15
========================================================================
Received Import Request.
  Time since last request: 350.720858 seconds.
  path: Assets/Tree_Textures
  artifactKey: Guid(5640e7f09e221bc439381831feabf23f) Importer(815301076,1909f56bfc062723c751e8b465ee728b)
Start importing Assets/Tree_Textures using Guid(5640e7f09e221bc439381831feabf23f) Importer(815301076,1909f56bfc062723c751e8b465ee728b)  -> (artifact id: 'c1c5f13966143eb91b1752692d242528') in 0.001126 seconds
Number of updated asset objects reloaded before import = 0
Number of asset objects unloaded after import = 0
========================================================================
Received Import Request.
  Time since last request: 667.135323 seconds.
  path: Assets/Resources/101а.mat
  artifactKey: Guid(15b886295a5ede94692d4ff02bc2f81d) Importer(815301076,1909f56bfc062723c751e8b465ee728b)
Start importing Assets/Resources/101а.mat using Guid(15b886295a5ede94692d4ff02bc2f81d) Importer(815301076,1909f56bfc062723c751e8b465ee728b)  -> (artifact id: '9a83280413497f566a9d2ee0fabb2ead') in 0.039498 seconds
Number of updated asset objects reloaded before import = 0
Number of asset objects unloaded after import = 2
========================================================================
Received Import Request.
  Time since last request: 504.512477 seconds.
  path: Assets/Scenes/C6F1 RU.unity
  artifactKey: Guid(9fc0d4010bbf28b4594072e72b8655ab) Importer(815301076,1909f56bfc062723c751e8b465ee728b)
Start importing Assets/Scenes/C6F1 RU.unity using Guid(9fc0d4010bbf28b4594072e72b8655ab) Importer(815301076,1909f56bfc062723c751e8b465ee728b)  -> (artifact id: '38bb0a0fe249f98f81e5872a82eebfce') in 0.000964 seconds
Number of updated asset objects reloaded before import = 0
Number of asset objects unloaded after import = 0
========================================================================
Received Import Request.
  Time since last request: 50.496481 seconds.
  path: Assets/Scenes/C6F2 RU.unity
  artifactKey: Guid(d62d00b4f0f287a4881e5c2d95782c42) Importer(815301076,1909f56bfc062723c751e8b465ee728b)
Start importing Assets/Scenes/C6F2 RU.unity using Guid(d62d00b4f0f287a4881e5c2d95782c42) Importer(815301076,1909f56bfc062723c751e8b465ee728b)  -> (artifact id: '4132ed69609d1755c00cae68e53f94d8') in 0.000826 seconds
Number of updated asset objects reloaded before import = 0
Number of asset objects unloaded after import = 0
========================================================================
Received Prepare
Refreshing native plugins compatible for Editor in 3.17 ms, found 3 plugins.
Preloading 0 native plugins for Editor in 0.00 ms.
Unloading 0 Unused Serialized files (Serialized files now loaded: 0)
Unloading 0 unused Assets / (0 B). Loaded Objects now: 3678.
Memory consumption went from 89.5 MB to 89.5 MB.
Total: 5.290400 ms (FindLiveObjects: 0.409700 ms CreateObjectMapping: 0.151000 ms MarkObjects: 4.712700 ms  DeleteObjects: 0.015600 ms)

Prepare: number of updated asset objects reloaded= 0
AssetImportParameters requested are different than current active one (requested -> active):
  custom:container-demuxer-ogg: 62fdf1f143b41e24485cea50d1cbac27 -> 
  custom:video-decoder-ogg-theora: a1e56fd34408186e4bbccfd4996cb3dc -> 
  custom:framework-win-MediaFoundation: 216162199b28c13a410421893ffa2e32 -> 
  custom:CustomObjectIndexerAttribute: 6d391050e5a25f67b0a2c618074f2cd9 -> 
  custom:container-demuxer-webm: 4f35f7cbe854078d1ac9338744f61a02 -> 
  custom:container-muxer-webm: aa71ff27fc2769a1b78a27578f13a17b -> 
  custom:video-decoder-webm-vp8: 9c59270c3fd7afecdb556c50c9e8de78 -> 
  custom:SearchIndexIgnoredProperties: e643bd26f0fe6173181afceb89e7c659 -> 
  custom:AudioImporter_EditorPlatform: d09bf68614088b80899f8185d706f6e7 -> 
  custom:video-encoder-webm-vp8: eb34c28f22e8b96e1ab97ce403110664 -> 
  custom:audio-decoder-ogg-vorbis: bf7c407c2cedff20999df2af8eb42d56 -> 
  custom:audio-encoder-webm-vorbis: bf7c407c2cedff20999df2af8eb42d56 -> 
========================================================================
Received Import Request.
  Time since last request: 821.791281 seconds.
  path: Assets/Scenes/C6F2 RU.unity
  artifactKey: Guid(d62d00b4f0f287a4881e5c2d95782c42) Importer(815301076,1909f56bfc062723c751e8b465ee728b)
Start importing Assets/Scenes/C6F2 RU.unity using Guid(d62d00b4f0f287a4881e5c2d95782c42) Importer(815301076,1909f56bfc062723c751e8b465ee728b)  -> (artifact id: '012c39ee11c27dabd1e604935b0c72c8') in 0.071349 seconds
Number of updated asset objects reloaded before import = 0
Number of asset objects unloaded after import = 0
========================================================================
Received Import Request.
  Time since last request: 72.290246 seconds.
  path: Assets/Materials/AudNumbers/116.png
  artifactKey: Guid(86b9079b79ac5c5438419588d94b7dfa) Importer(815301076,1909f56bfc062723c751e8b465ee728b)
Start importing Assets/Materials/AudNumbers/116.png using Guid(86b9079b79ac5c5438419588d94b7dfa) Importer(815301076,1909f56bfc062723c751e8b465ee728b)  -> (artifact id: 'd1dbee65aed1c6f5d9c9e67ed1691896') in 0.198244 seconds
Number of updated asset objects reloaded before import = 0
Number of asset objects unloaded after import = 2
========================================================================
Received Import Request.
  Time since last request: 0.000030 seconds.
  path: Assets/Materials/AudNumbers/128.png
  artifactKey: Guid(941faf6d286b2654fa4fb005ea263737) Importer(815301076,1909f56bfc062723c751e8b465ee728b)
Start importing Assets/Materials/AudNumbers/128.png using Guid(941faf6d286b2654fa4fb005ea263737) Importer(815301076,1909f56bfc062723c751e8b465ee728b)  -> (artifact id: 'a7f83b6b3b1d4878f91c39195864e7a4') in 0.037317 seconds
Number of updated asset objects reloaded before import = 0
Number of asset objects unloaded after import = 2
========================================================================
Received Import Request.
  Time since last request: 0.000035 seconds.
  path: Assets/Materials/AudNumbers/124.png
  artifactKey: Guid(7c5e163ee9b6e884c95380ecb1328a6d) Importer(815301076,1909f56bfc062723c751e8b465ee728b)
Start importing Assets/Materials/AudNumbers/124.png using Guid(7c5e163ee9b6e884c95380ecb1328a6d) Importer(815301076,1909f56bfc062723c751e8b465ee728b)  -> (artifact id: '5e3309572bf9baf24f0a9ea259c6a60a') in 0.027164 seconds
Number of updated asset objects reloaded before import = 0
Number of asset objects unloaded after import = 2
========================================================================
Received Import Request.
  Time since last request: 0.000046 seconds.
  path: Assets/Materials/AudNumbers/127.png
  artifactKey: Guid(a4dd8a1552104e74397987f4a4e037e1) Importer(815301076,1909f56bfc062723c751e8b465ee728b)
Start importing Assets/Materials/AudNumbers/127.png using Guid(a4dd8a1552104e74397987f4a4e037e1) Importer(815301076,1909f56bfc062723c751e8b465ee728b)  -> (artifact id: 'c31329608781f681e1ff49d8a8bd243a') in 0.027682 seconds
Number of updated asset objects reloaded before import = 0
Number of asset objects unloaded after import = 2
========================================================================
Received Import Request.
  Time since last request: 0.000033 seconds.
  path: Assets/Materials/AudNumbers/125.png
  artifactKey: Guid(64a83fc5dd0ed0d43b4b17cbd484126d) Importer(815301076,1909f56bfc062723c751e8b465ee728b)
Start importing Assets/Materials/AudNumbers/125.png using Guid(64a83fc5dd0ed0d43b4b17cbd484126d) Importer(815301076,1909f56bfc062723c751e8b465ee728b)  -> (artifact id: '4266bca9065749aa140ae336e3cc6cbc') in 0.026337 seconds
Number of updated asset objects reloaded before import = 0
Number of asset objects unloaded after import = 2
========================================================================
Received Import Request.
  Time since last request: 0.000038 seconds.
  path: Assets/Materials/AudNumbers/119.png
  artifactKey: Guid(d4aa043564eb07c42b711154c0780b13) Importer(815301076,1909f56bfc062723c751e8b465ee728b)
Start importing Assets/Materials/AudNumbers/119.png using Guid(d4aa043564eb07c42b711154c0780b13) Importer(815301076,1909f56bfc062723c751e8b465ee728b)  -> (artifact id: '34663c1f9884cbcfb5880342dea7c9ba') in 0.025602 seconds
Number of updated asset objects reloaded before import = 0
Number of asset objects unloaded after import = 2
========================================================================
Received Import Request.
  Time since last request: 0.000026 seconds.
  path: Assets/Materials/AudNumbers/117а.png
  artifactKey: Guid(65e7e58a39533664196de18c572c09d1) Importer(815301076,1909f56bfc062723c751e8b465ee728b)
Start importing Assets/Materials/AudNumbers/117а.png using Guid(65e7e58a39533664196de18c572c09d1) Importer(815301076,1909f56bfc062723c751e8b465ee728b)  -> (artifact id: 'bf957be7ba7296c329ea0c642c23d9ae') in 0.026265 seconds
Number of updated asset objects reloaded before import = 0
Number of asset objects unloaded after import = 2
========================================================================
Received Import Request.
  Time since last request: 0.000024 seconds.
  path: Assets/Materials/AudNumbers/126.png
  artifactKey: Guid(3da9c72a2650a994787dfc1deb033de7) Importer(815301076,1909f56bfc062723c751e8b465ee728b)
Start importing Assets/Materials/AudNumbers/126.png using Guid(3da9c72a2650a994787dfc1deb033de7) Importer(815301076,1909f56bfc062723c751e8b465ee728b)  -> (artifact id: 'a50ffbb070be40ae4b10500953467715') in 0.027035 seconds
Number of updated asset objects reloaded before import = 0
Number of asset objects unloaded after import = 2
========================================================================
Received Import Request.
  Time since last request: 0.000038 seconds.
  path: Assets/Materials/AudNumbers/122а.png
  artifactKey: Guid(498d263ef2554da49a6559a51d0dae63) Importer(815301076,1909f56bfc062723c751e8b465ee728b)
Start importing Assets/Materials/AudNumbers/122а.png using Guid(498d263ef2554da49a6559a51d0dae63) Importer(815301076,1909f56bfc062723c751e8b465ee728b)  -> (artifact id: 'b4348101dc132cc19c5745e6c3b229f8') in 0.021961 seconds
Number of updated asset objects reloaded before import = 0
Number of asset objects unloaded after import = 2
========================================================================
Received Import Request.
  Time since last request: 0.000037 seconds.
  path: Assets/Materials/AudNumbers/131.png
  artifactKey: Guid(f086dd2bd30110240b6af3de9283d1c2) Importer(815301076,1909f56bfc062723c751e8b465ee728b)
Start importing Assets/Materials/AudNumbers/131.png using Guid(f086dd2bd30110240b6af3de9283d1c2) Importer(815301076,1909f56bfc062723c751e8b465ee728b)  -> (artifact id: 'd1496d93f21b09ee918b9453f576d8e1') in 0.029773 seconds
Number of updated asset objects reloaded before import = 0
Number of asset objects unloaded after import = 2
========================================================================
Received Import Request.
  Time since last request: 0.000024 seconds.
  path: Assets/Materials/AudNumbers/132.png
  artifactKey: Guid(1877517d75ca052408b6ddb5106fac91) Importer(815301076,1909f56bfc062723c751e8b465ee728b)
Start importing Assets/Materials/AudNumbers/132.png using Guid(1877517d75ca052408b6ddb5106fac91) Importer(815301076,1909f56bfc062723c751e8b465ee728b)  -> (artifact id: '6576cb1d64897fde9c69951a45ba367d') in 0.024712 seconds
Number of updated asset objects reloaded before import = 0
Number of asset objects unloaded after import = 2
========================================================================
Received Import Request.
  Time since last request: 0.000041 seconds.
  path: Assets/Materials/AudNumbers/202.png
  artifactKey: Guid(fb0881c6140a11f40a21d939d92cdcc3) Importer(815301076,1909f56bfc062723c751e8b465ee728b)
Start importing Assets/Materials/AudNumbers/202.png using Guid(fb0881c6140a11f40a21d939d92cdcc3) Importer(815301076,1909f56bfc062723c751e8b465ee728b)  -> (artifact id: 'fd506a176273b482dd18e12e920dcb9a') in 0.032179 seconds
Number of updated asset objects reloaded before import = 0
Number of asset objects unloaded after import = 2
========================================================================
Received Import Request.
  Time since last request: 0.000034 seconds.
  path: Assets/Materials/AudNumbers/134.png
  artifactKey: Guid(239c6fe6452116f4998101fd2fe875c7) Importer(815301076,1909f56bfc062723c751e8b465ee728b)
Start importing Assets/Materials/AudNumbers/134.png using Guid(239c6fe6452116f4998101fd2fe875c7) Importer(815301076,1909f56bfc062723c751e8b465ee728b)  -> (artifact id: 'e374fbc2a9f1b302c212a83fba9f92d6') in 0.026765 seconds
Number of updated asset objects reloaded before import = 0
Number of asset objects unloaded after import = 2
========================================================================
Received Import Request.
  Time since last request: 0.000028 seconds.
  path: Assets/Materials/AudNumbers/203.png
  artifactKey: Guid(61781550e07abe54c83eb2213363fc70) Importer(815301076,1909f56bfc062723c751e8b465ee728b)
Start importing Assets/Materials/AudNumbers/203.png using Guid(61781550e07abe54c83eb2213363fc70) Importer(815301076,1909f56bfc062723c751e8b465ee728b)  -> (artifact id: 'a14f6b87e70fd796345c0474c3ad5f2c') in 0.024940 seconds
Number of updated asset objects reloaded before import = 0
Number of asset objects unloaded after import = 2
========================================================================
Received Import Request.
  Time since last request: 0.000023 seconds.
  path: Assets/Materials/AudNumbers/136.png
  artifactKey: Guid(1f263be3f7c18e340a32d0cd366a6891) Importer(815301076,1909f56bfc062723c751e8b465ee728b)
Start importing Assets/Materials/AudNumbers/136.png using Guid(1f263be3f7c18e340a32d0cd366a6891) Importer(815301076,1909f56bfc062723c751e8b465ee728b)  -> (artifact id: '8a0956ce42613f6fafce04d3e17eac63') in 0.024314 seconds
Number of updated asset objects reloaded before import = 0
Number of asset objects unloaded after import = 2
========================================================================
Received Import Request.
  Time since last request: 0.000032 seconds.
  path: Assets/Materials/AudNumbers/203а.png
  artifactKey: Guid(dd8618652b58a9c4ba65d09670b1599e) Importer(815301076,1909f56bfc062723c751e8b465ee728b)
Start importing Assets/Materials/AudNumbers/203а.png using Guid(dd8618652b58a9c4ba65d09670b1599e) Importer(815301076,1909f56bfc062723c751e8b465ee728b)  -> (artifact id: '596affa5f467b8f98dd996bb1e61b0eb') in 0.026978 seconds
Number of updated asset objects reloaded before import = 0
Number of asset objects unloaded after import = 2
========================================================================
Received Import Request.
  Time since last request: 0.000027 seconds.
  path: Assets/Materials/AudNumbers/129.png
  artifactKey: Guid(0cd4cc4955b679d46be75e83746a66d2) Importer(815301076,1909f56bfc062723c751e8b465ee728b)
Start importing Assets/Materials/AudNumbers/129.png using Guid(0cd4cc4955b679d46be75e83746a66d2) Importer(815301076,1909f56bfc062723c751e8b465ee728b)  -> (artifact id: '7bafd32a3db9e349c39247cb40ab9047') in 0.026505 seconds
Number of updated asset objects reloaded before import = 0
Number of asset objects unloaded after import = 2
========================================================================
Received Import Request.
  Time since last request: 0.000044 seconds.
  path: Assets/Materials/AudNumbers/122.png
  artifactKey: Guid(9f62d597f9c905741a9b22e133255e22) Importer(815301076,1909f56bfc062723c751e8b465ee728b)
Start importing Assets/Materials/AudNumbers/122.png using Guid(9f62d597f9c905741a9b22e133255e22) Importer(815301076,1909f56bfc062723c751e8b465ee728b)  -> (artifact id: '0a5fa7661f627c28bea15b1c4c8900f1') in 0.029375 seconds
Number of updated asset objects reloaded before import = 0
Number of asset objects unloaded after import = 2
========================================================================
Received Import Request.
  Time since last request: 0.000027 seconds.
  path: Assets/Materials/AudNumbers/121.png
  artifactKey: Guid(f401f6dcbedb0ae46a9bf9c221bbf19c) Importer(815301076,1909f56bfc062723c751e8b465ee728b)
Start importing Assets/Materials/AudNumbers/121.png using Guid(f401f6dcbedb0ae46a9bf9c221bbf19c) Importer(815301076,1909f56bfc062723c751e8b465ee728b)  -> (artifact id: '3a5ed1b27ce44bde778ca8577f1f990c') in 0.027951 seconds
Number of updated asset objects reloaded before import = 0
Number of asset objects unloaded after import = 2
========================================================================
Received Import Request.
  Time since last request: 0.000031 seconds.
  path: Assets/Materials/AudNumbers/206.png
  artifactKey: Guid(a56fbb07a742dd44d854b34c24008280) Importer(815301076,1909f56bfc062723c751e8b465ee728b)
Start importing Assets/Materials/AudNumbers/206.png using Guid(a56fbb07a742dd44d854b34c24008280) Importer(815301076,1909f56bfc062723c751e8b465ee728b)  -> (artifact id: '2ab90b37e8efa886be14e53ff18d4af0') in 0.027801 seconds
Number of updated asset objects reloaded before import = 0
Number of asset objects unloaded after import = 2
========================================================================
Received Import Request.
  Time since last request: 0.000050 seconds.
  path: Assets/Materials/AudNumbers/207.png
  artifactKey: Guid(04c6dbe8288387a40a7d5d9e937fb9d1) Importer(815301076,1909f56bfc062723c751e8b465ee728b)
Start importing Assets/Materials/AudNumbers/207.png using Guid(04c6dbe8288387a40a7d5d9e937fb9d1) Importer(815301076,1909f56bfc062723c751e8b465ee728b)  -> (artifact id: '2aa51c9a4e1519c7b0d49b4c04588f43') in 0.027717 seconds
Number of updated asset objects reloaded before import = 0
Number of asset objects unloaded after import = 2
========================================================================
Received Import Request.
  Time since last request: 0.000031 seconds.
  path: Assets/Materials/AudNumbers/212.png
  artifactKey: Guid(dc3eaea3730ea124da6afbbfbd0e32f8) Importer(815301076,1909f56bfc062723c751e8b465ee728b)
Start importing Assets/Materials/AudNumbers/212.png using Guid(dc3eaea3730ea124da6afbbfbd0e32f8) Importer(815301076,1909f56bfc062723c751e8b465ee728b)  -> (artifact id: 'a0ca16df467f1c128c1da12d2c3e6573') in 0.028514 seconds
Number of updated asset objects reloaded before import = 0
Number of asset objects unloaded after import = 2
========================================================================
Received Import Request.
  Time since last request: 0.000046 seconds.
  path: Assets/Materials/AudNumbers/211а.png
  artifactKey: Guid(8dd04724ed24cc844b91eec36df8e2fc) Importer(815301076,1909f56bfc062723c751e8b465ee728b)
Start importing Assets/Materials/AudNumbers/211а.png using Guid(8dd04724ed24cc844b91eec36df8e2fc) Importer(815301076,1909f56bfc062723c751e8b465ee728b)  -> (artifact id: '09587696140ffb62450baf4ce92aad06') in 0.029330 seconds
Number of updated asset objects reloaded before import = 0
Number of asset objects unloaded after import = 2
========================================================================
Received Import Request.
  Time since last request: 0.000034 seconds.
  path: Assets/Materials/AudNumbers/206а.png
  artifactKey: Guid(f66ff6255b9770c4bbae7e1568fe5cac) Importer(815301076,1909f56bfc062723c751e8b465ee728b)
Start importing Assets/Materials/AudNumbers/206а.png using Guid(f66ff6255b9770c4bbae7e1568fe5cac) Importer(815301076,1909f56bfc062723c751e8b465ee728b)  -> (artifact id: '70313f0e5a322652684a461b5a3e03b8') in 0.027270 seconds
Number of updated asset objects reloaded before import = 0
Number of asset objects unloaded after import = 2
========================================================================
Received Import Request.
  Time since last request: 0.325062 seconds.
  path: Assets/Materials/AudNumbers/213.png
  artifactKey: Guid(aba0b71ea30f36548a3ee4fd0e6fbe19) Importer(815301076,1909f56bfc062723c751e8b465ee728b)
Start importing Assets/Materials/AudNumbers/213.png using Guid(aba0b71ea30f36548a3ee4fd0e6fbe19) Importer(815301076,1909f56bfc062723c751e8b465ee728b)  -> (artifact id: '0cc847a3f2682e7ad86ea08ed7c14ded') in 0.027017 seconds
Number of updated asset objects reloaded before import = 0
Number of asset objects unloaded after import = 2
========================================================================
Received Import Request.
  Time since last request: 0.000044 seconds.
  path: Assets/Materials/AudNumbers/215.png
  artifactKey: Guid(3b06aa8000bc0e14a98a2cc4e8359c69) Importer(815301076,1909f56bfc062723c751e8b465ee728b)
Start importing Assets/Materials/AudNumbers/215.png using Guid(3b06aa8000bc0e14a98a2cc4e8359c69) Importer(815301076,1909f56bfc062723c751e8b465ee728b)  -> (artifact id: 'e286f3d99325fac276f073117cdeac59') in 0.030559 seconds
Number of updated asset objects reloaded before import = 0
Number of asset objects unloaded after import = 2
========================================================================
Received Import Request.
  Time since last request: 0.000028 seconds.
  path: Assets/Materials/AudNumbers/215б.png
  artifactKey: Guid(1eb6673a6ae01ca4bb1684bc075481b3) Importer(815301076,1909f56bfc062723c751e8b465ee728b)
Start importing Assets/Materials/AudNumbers/215б.png using Guid(1eb6673a6ae01ca4bb1684bc075481b3) Importer(815301076,1909f56bfc062723c751e8b465ee728b)  -> (artifact id: '2b693c7ec2fedc5de1b56f10cd07de55') in 0.025144 seconds
Number of updated asset objects reloaded before import = 0
Number of asset objects unloaded after import = 2
========================================================================
Received Import Request.
  Time since last request: 0.089660 seconds.
  path: Assets/Materials/AudNumbers/216.png
  artifactKey: Guid(75766bd01b0367441b110955ee8dc0d8) Importer(815301076,1909f56bfc062723c751e8b465ee728b)
Start importing Assets/Materials/AudNumbers/216.png using Guid(75766bd01b0367441b110955ee8dc0d8) Importer(815301076,1909f56bfc062723c751e8b465ee728b)  -> (artifact id: '1c2c4478312d03f4acc47e22897522e6') in 0.029021 seconds
Number of updated asset objects reloaded before import = 0
Number of asset objects unloaded after import = 2
========================================================================
Received Import Request.
  Time since last request: 0.000039 seconds.
  path: Assets/Materials/AudNumbers/217а.png
  artifactKey: Guid(bdb741222b725d04cb36c92563080c45) Importer(815301076,1909f56bfc062723c751e8b465ee728b)
Start importing Assets/Materials/AudNumbers/217а.png using Guid(bdb741222b725d04cb36c92563080c45) Importer(815301076,1909f56bfc062723c751e8b465ee728b)  -> (artifact id: '55ec205b31aba0da3634d87354430d3e') in 0.030627 seconds
Number of updated asset objects reloaded before import = 0
Number of asset objects unloaded after import = 2
========================================================================
Received Import Request.
  Time since last request: 0.000042 seconds.
  path: Assets/Materials/AudNumbers/217б.png
  artifactKey: Guid(010ec443fc1eeec4e9dbba1c406589a7) Importer(815301076,1909f56bfc062723c751e8b465ee728b)
Start importing Assets/Materials/AudNumbers/217б.png using Guid(010ec443fc1eeec4e9dbba1c406589a7) Importer(815301076,1909f56bfc062723c751e8b465ee728b)  -> (artifact id: 'f30db8a4436ff133aca7657630448167') in 0.024881 seconds
Number of updated asset objects reloaded before import = 0
Number of asset objects unloaded after import = 2
========================================================================
Received Import Request.
  Time since last request: 0.389112 seconds.
  path: Assets/Materials/AudNumbers/219.png
  artifactKey: Guid(1d04e0a10d52fef4d87a508e431522cc) Importer(815301076,1909f56bfc062723c751e8b465ee728b)
Start importing Assets/Materials/AudNumbers/219.png using Guid(1d04e0a10d52fef4d87a508e431522cc) Importer(815301076,1909f56bfc062723c751e8b465ee728b)  -> (artifact id: '36779d98110eb577a5285d1a3121e21f') in 0.030301 seconds
Number of updated asset objects reloaded before import = 0
Number of asset objects unloaded after import = 2
========================================================================
Received Import Request.
  Time since last request: 0.000048 seconds.
  path: Assets/Materials/AudNumbers/231.png
  artifactKey: Guid(860328c2cbc297244ac1c9275819dcd2) Importer(815301076,1909f56bfc062723c751e8b465ee728b)
Start importing Assets/Materials/AudNumbers/231.png using Guid(860328c2cbc297244ac1c9275819dcd2) Importer(815301076,1909f56bfc062723c751e8b465ee728b)  -> (artifact id: 'd5e874a706819dc1e98b984e138f4502') in 0.029930 seconds
Number of updated asset objects reloaded before import = 0
Number of asset objects unloaded after import = 2
========================================================================
Received Import Request.
  Time since last request: 0.000030 seconds.
  path: Assets/Materials/AudNumbers/228.png
  artifactKey: Guid(cf767746e3fc5d845bc705f3316fbfb3) Importer(815301076,1909f56bfc062723c751e8b465ee728b)
Start importing Assets/Materials/AudNumbers/228.png using Guid(cf767746e3fc5d845bc705f3316fbfb3) Importer(815301076,1909f56bfc062723c751e8b465ee728b)  -> (artifact id: 'e4e05b3cf2c3b820a66a40cf0a134ffb') in 0.022947 seconds
Number of updated asset objects reloaded before import = 0
Number of asset objects unloaded after import = 2
========================================================================
Received Import Request.
  Time since last request: 0.770821 seconds.
  path: Assets/Materials/AudNumbers/232.png
  artifactKey: Guid(13c46323080366348929ae1c24224451) Importer(815301076,1909f56bfc062723c751e8b465ee728b)
Start importing Assets/Materials/AudNumbers/232.png using Guid(13c46323080366348929ae1c24224451) Importer(815301076,1909f56bfc062723c751e8b465ee728b)  -> (artifact id: 'cffb3f1600fa9c919206cd48140256fc') in 0.035266 seconds
Number of updated asset objects reloaded before import = 0
Number of asset objects unloaded after import = 2
========================================================================
Received Import Request.
  Time since last request: 0.000048 seconds.
  path: Assets/Materials/AudNumbers/234.png
  artifactKey: Guid(b6cea484ca47b4e4094d884d8a198369) Importer(815301076,1909f56bfc062723c751e8b465ee728b)
Start importing Assets/Materials/AudNumbers/234.png using Guid(b6cea484ca47b4e4094d884d8a198369) Importer(815301076,1909f56bfc062723c751e8b465ee728b)  -> (artifact id: 'a25632d6caa64203817da8c4b1509963') in 0.028121 seconds
Number of updated asset objects reloaded before import = 0
Number of asset objects unloaded after import = 2
========================================================================
Received Import Request.
  Time since last request: 0.000033 seconds.
  path: Assets/Materials/AudNumbers/237.png
  artifactKey: Guid(dad4240a21cfff64dbe0a9bcd494eaf7) Importer(815301076,1909f56bfc062723c751e8b465ee728b)
Start importing Assets/Materials/AudNumbers/237.png using Guid(dad4240a21cfff64dbe0a9bcd494eaf7) Importer(815301076,1909f56bfc062723c751e8b465ee728b)  -> (artifact id: '929039fa49c669d2c4e01ab5c27db5bf') in 0.030575 seconds
Number of updated asset objects reloaded before import = 0
Number of asset objects unloaded after import = 2
========================================================================
Received Import Request.
  Time since last request: 1.084195 seconds.
  path: Assets/Materials/AudNumbers/239.png
  artifactKey: Guid(45071727c2230154ea21ee4af19b35d8) Importer(815301076,1909f56bfc062723c751e8b465ee728b)
Start importing Assets/Materials/AudNumbers/239.png using Guid(45071727c2230154ea21ee4af19b35d8) Importer(815301076,1909f56bfc062723c751e8b465ee728b)  -> (artifact id: 'efd72fa2c087fa2e5e781879dabff764') in 0.033559 seconds
Number of updated asset objects reloaded before import = 0
Number of asset objects unloaded after import = 2
========================================================================
Received Import Request.
  Time since last request: 0.000037 seconds.
  path: Assets/Materials/AudNumbers/243.png
  artifactKey: Guid(b91f121422469b448b422b05d37b68bd) Importer(815301076,1909f56bfc062723c751e8b465ee728b)
Start importing Assets/Materials/AudNumbers/243.png using Guid(b91f121422469b448b422b05d37b68bd) Importer(815301076,1909f56bfc062723c751e8b465ee728b)  -> (artifact id: 'e1786c734d5d81180df8e021f447dd01') in 0.034737 seconds
Number of updated asset objects reloaded before import = 0
Number of asset objects unloaded after import = 2
========================================================================
Received Import Request.
  Time since last request: 0.000025 seconds.
  path: Assets/Materials/AudNumbers/245.png
  artifactKey: Guid(8d8b1e518cf991a47aed8d39e4c905ba) Importer(815301076,1909f56bfc062723c751e8b465ee728b)
Start importing Assets/Materials/AudNumbers/245.png using Guid(8d8b1e518cf991a47aed8d39e4c905ba) Importer(815301076,1909f56bfc062723c751e8b465ee728b)  -> (artifact id: '84aa617c3c16b53d1e38daa89c47aca8') in 0.025100 seconds
Number of updated asset objects reloaded before import = 0
Number of asset objects unloaded after import = 2
========================================================================
Received Import Request.
  Time since last request: 197.968647 seconds.
  path: Assets/Materials/AudNumbers/218.png
  artifactKey: Guid(9e8f303e56869684aafe7bd6a9be7236) Importer(815301076,1909f56bfc062723c751e8b465ee728b)
Start importing Assets/Materials/AudNumbers/218.png using Guid(9e8f303e56869684aafe7bd6a9be7236) Importer(815301076,1909f56bfc062723c751e8b465ee728b)  -> (artifact id: 'f0b1beba632835e85d7fcf5314b55f40') in 0.054588 seconds
Number of updated asset objects reloaded before import = 0
Number of asset objects unloaded after import = 2
========================================================================
Received Import Request.
  Time since last request: 0.000093 seconds.
  path: Assets/Materials/AudNumbers/224.png
  artifactKey: Guid(e371b310ed839044ba9b2760f678b7f6) Importer(815301076,1909f56bfc062723c751e8b465ee728b)
Start importing Assets/Materials/AudNumbers/224.png using Guid(e371b310ed839044ba9b2760f678b7f6) Importer(815301076,1909f56bfc062723c751e8b465ee728b)  -> (artifact id: 'ade4f3696eb183bb05a3028512a99ce0') in 0.037210 seconds
Number of updated asset objects reloaded before import = 0
Number of asset objects unloaded after import = 2
========================================================================
Received Import Request.
  Time since last request: 112.418174 seconds.
  path: Assets/Materials/AudNumbers/246.png
  artifactKey: Guid(98f079572dd43984cae77a8092f1e3bc) Importer(815301076,1909f56bfc062723c751e8b465ee728b)
Start importing Assets/Materials/AudNumbers/246.png using Guid(98f079572dd43984cae77a8092f1e3bc) Importer(815301076,1909f56bfc062723c751e8b465ee728b)  -> (artifact id: 'd2a523650ead2357fb8d965ea8ddbef9') in 0.089135 seconds
Number of updated asset objects reloaded before import = 0
Number of asset objects unloaded after import = 2
========================================================================
Received Import Request.
  Time since last request: 55.153490 seconds.
  path: Assets/Materials/AudNumbers/219 1.mat
  artifactKey: Guid(15ad5719189c1c7478b1f1796ab38a25) Importer(815301076,1909f56bfc062723c751e8b465ee728b)
Start importing Assets/Materials/AudNumbers/219 1.mat using Guid(15ad5719189c1c7478b1f1796ab38a25) Importer(815301076,1909f56bfc062723c751e8b465ee728b)  -> (artifact id: '9b62f33cfb276aaa48c06eafb7a91a70') in 0.101180 seconds
Number of updated asset objects reloaded before import = 0
Number of asset objects unloaded after import = 2
========================================================================
Received Import Request.
  Time since last request: 6.575437 seconds.
  path: Assets/Materials/AudNumbers/218.mat
  artifactKey: Guid(15ad5719189c1c7478b1f1796ab38a25) Importer(815301076,1909f56bfc062723c751e8b465ee728b)
Start importing Assets/Materials/AudNumbers/218.mat using Guid(15ad5719189c1c7478b1f1796ab38a25) Importer(815301076,1909f56bfc062723c751e8b465ee728b)  -> (artifact id: '1ffbec2caa235aa8ed94d761318a4f0f') in 0.019808 seconds
Number of updated asset objects reloaded before import = 0
Number of asset objects unloaded after import = 2
========================================================================
Received Import Request.
  Time since last request: 8.480162 seconds.
  path: Assets/Materials/AudNumbers/218.mat
  artifactKey: Guid(15ad5719189c1c7478b1f1796ab38a25) Importer(815301076,1909f56bfc062723c751e8b465ee728b)
Start importing Assets/Materials/AudNumbers/218.mat using Guid(15ad5719189c1c7478b1f1796ab38a25) Importer(815301076,1909f56bfc062723c751e8b465ee728b)  -> (artifact id: '541a00b03944942aad6ca8919c0d5bd1') in 0.024270 seconds
Number of updated asset objects reloaded before import = 0
Number of asset objects unloaded after import = 2
========================================================================
Received Import Request.
  Time since last request: 3.400514 seconds.
  path: Assets/Materials/AudNumbers/220.mat
  artifactKey: Guid(386e5aa067c66a344b5f2b259bc4caa2) Importer(815301076,1909f56bfc062723c751e8b465ee728b)
Start importing Assets/Materials/AudNumbers/220.mat using Guid(386e5aa067c66a344b5f2b259bc4caa2) Importer(815301076,1909f56bfc062723c751e8b465ee728b)  -> (artifact id: 'db1e763a3248610e0f9157911da23e52') in 0.016277 seconds
Number of updated asset objects reloaded before import = 0
Number of asset objects unloaded after import = 2
========================================================================
Received Import Request.
  Time since last request: 5.613194 seconds.
  path: Assets/Materials/AudNumbers/220.mat
  artifactKey: Guid(386e5aa067c66a344b5f2b259bc4caa2) Importer(815301076,1909f56bfc062723c751e8b465ee728b)
Start importing Assets/Materials/AudNumbers/220.mat using Guid(386e5aa067c66a344b5f2b259bc4caa2) Importer(815301076,1909f56bfc062723c751e8b465ee728b)  -> (artifact id: 'fcd9888c94e8f6afe8a55dbd30b4941d') in 0.032930 seconds
Number of updated asset objects reloaded before import = 0
Number of asset objects unloaded after import = 2
========================================================================
Received Import Request.
  Time since last request: 2.768586 seconds.
  path: Assets/Materials/AudNumbers/222.mat
  artifactKey: Guid(7f4adaad9a1f2604c8de28e99833e027) Importer(815301076,1909f56bfc062723c751e8b465ee728b)
Start importing Assets/Materials/AudNumbers/222.mat using Guid(7f4adaad9a1f2604c8de28e99833e027) Importer(815301076,1909f56bfc062723c751e8b465ee728b)  -> (artifact id: '0e03203718b0f61b290d8ddc165d45b8') in 0.016407 seconds
Number of updated asset objects reloaded before import = 0
Number of asset objects unloaded after import = 2
========================================================================
Received Import Request.
  Time since last request: 3.695825 seconds.
  path: Assets/Materials/AudNumbers/222.mat
  artifactKey: Guid(7f4adaad9a1f2604c8de28e99833e027) Importer(815301076,1909f56bfc062723c751e8b465ee728b)
Start importing Assets/Materials/AudNumbers/222.mat using Guid(7f4adaad9a1f2604c8de28e99833e027) Importer(815301076,1909f56bfc062723c751e8b465ee728b)  -> (artifact id: '0d183cf090e9fd420148f6fc07715bce') in 0.029609 seconds
Number of updated asset objects reloaded before import = 0
Number of asset objects unloaded after import = 2
========================================================================
Received Import Request.
  Time since last request: 3.253052 seconds.
  path: Assets/Materials/AudNumbers/224.mat
  artifactKey: Guid(f55b5dceb888c6c4db3f04d4a6df6f7a) Importer(815301076,1909f56bfc062723c751e8b465ee728b)
Start importing Assets/Materials/AudNumbers/224.mat using Guid(f55b5dceb888c6c4db3f04d4a6df6f7a) Importer(815301076,1909f56bfc062723c751e8b465ee728b)  -> (artifact id: '7af07496555cc2473cd5dd2ff0a29c0f') in 0.016083 seconds
Number of updated asset objects reloaded before import = 0
Number of asset objects unloaded after import = 2
========================================================================
Received Import Request.
  Time since last request: 23.134174 seconds.
  path: Assets/Resources/218.mat
  artifactKey: Guid(05422727671fdd04aae901ec3a7e6a3a) Importer(815301076,1909f56bfc062723c751e8b465ee728b)
Start importing Assets/Resources/218.mat using Guid(05422727671fdd04aae901ec3a7e6a3a) Importer(815301076,1909f56bfc062723c751e8b465ee728b)  -> (artifact id: 'f1b18fa7e409fd8b9ec72f06445ef009') in 0.021137 seconds
Number of updated asset objects reloaded before import = 0
Number of asset objects unloaded after import = 2
========================================================================
Received Import Request.
  Time since last request: 0.000033 seconds.
  path: Assets/Resources/222.mat
  artifactKey: Guid(b7dedb85a3614c24087266c937e25853) Importer(815301076,1909f56bfc062723c751e8b465ee728b)
Start importing Assets/Resources/222.mat using Guid(b7dedb85a3614c24087266c937e25853) Importer(815301076,1909f56bfc062723c751e8b465ee728b)  -> (artifact id: '2895b876b1ef6a8322b3cd24f5a37893') in 0.017742 seconds
Number of updated asset objects reloaded before import = 0
Number of asset objects unloaded after import = 2
========================================================================
Received Prepare
Begin MonoManager ReloadAssembly
- Loaded All Assemblies, in  3.412 seconds
Refreshing native plugins compatible for Editor in 4.45 ms, found 3 plugins.
Native extension for WindowsStandalone target not found
Native extension for WebGL target not found
[Package Manager] Server::EnsureServerProcessIsRunning -- launch failed, reason: Unity was launched with the -noUpm command-line argument
[Package Manager] UpmClient::Send -- Unable to send message (not connected to UPM process).
[Package Manager] Cannot connect to Unity Package Manager local server
Mono: successfully reloaded assembly
- Finished resetting the current domain, in  2.862 seconds
Domain Reload Profiling: 6279ms
	BeginReloadAssembly (1370ms)
		ExecutionOrderSort (0ms)
		DisableScriptedObjects (30ms)
		BackupInstance (0ms)
		ReleaseScriptingObjects (1ms)
		CreateAndSetChildDomain (841ms)
	RebuildCommonClasses (101ms)
	RebuildNativeTypeToScriptingClass (29ms)
	initialDomainReloadingComplete (89ms)
	LoadAllAssembliesAndSetupDomain (1827ms)
		LoadAssemblies (2141ms)
		RebuildTransferFunctionScriptingTraits (0ms)
		AnalyzeDomain (57ms)
			TypeCache.Refresh (32ms)
				TypeCache.ScanAssembly (0ms)
			ScanForSourceGeneratedMonoScriptInfo (1ms)
			ResolveRequiredComponents (22ms)
	FinalizeReload (2863ms)
		ReleaseScriptCaches (0ms)
		RebuildScriptCaches (0ms)
		SetupLoadedEditorAssemblies (1000ms)
			LogAssemblyErrors (0ms)
			InitializePlatformSupportModulesInManaged (19ms)
			SetLoadedEditorAssemblies (14ms)
			RefreshPlugins (0ms)
			BeforeProcessingInitializeOnLoad (221ms)
			ProcessInitializeOnLoadAttributes (688ms)
			ProcessInitializeOnLoadMethodAttributes (52ms)
			AfterProcessingInitializeOnLoad (6ms)
			EditorAssembliesLoaded (1ms)
		ExecutionOrderSort2 (0ms)
		AwakeInstancesAfterBackupRestoration (17ms)
Refreshing native plugins compatible for Editor in 11.20 ms, found 3 plugins.
Preloading 0 native plugins for Editor in 0.00 ms.
Unloading 3133 Unused Serialized files (Serialized files now loaded: 0)
Unloading 22 unused Assets / (30.2 KB). Loaded Objects now: 3681.
Memory consumption went from 139.8 MB to 139.7 MB.
Total: 19.537200 ms (FindLiveObjects: 1.664900 ms CreateObjectMapping: 0.670400 ms MarkObjects: 16.697200 ms  DeleteObjects: 0.502100 ms)

Prepare: number of updated asset objects reloaded= 0
AssetImportParameters requested are different than current active one (requested -> active):
  custom:container-demuxer-ogg: 62fdf1f143b41e24485cea50d1cbac27 -> 
  custom:video-decoder-ogg-theora: a1e56fd34408186e4bbccfd4996cb3dc -> 
  custom:framework-win-MediaFoundation: 216162199b28c13a410421893ffa2e32 -> 
  custom:CustomObjectIndexerAttribute: 6d391050e5a25f67b0a2c618074f2cd9 -> 
  custom:container-demuxer-webm: 4f35f7cbe854078d1ac9338744f61a02 -> 
  custom:container-muxer-webm: aa71ff27fc2769a1b78a27578f13a17b -> 
  custom:video-decoder-webm-vp8: 9c59270c3fd7afecdb556c50c9e8de78 -> 
  custom:SearchIndexIgnoredProperties: e643bd26f0fe6173181afceb89e7c659 -> 
  custom:AudioImporter_EditorPlatform: d09bf68614088b80899f8185d706f6e7 -> 
  custom:video-encoder-webm-vp8: eb34c28f22e8b96e1ab97ce403110664 -> 
  custom:audio-decoder-ogg-vorbis: bf7c407c2cedff20999df2af8eb42d56 -> 
  custom:audio-encoder-webm-vorbis: bf7c407c2cedff20999df2af8eb42d56 -> 
========================================================================
Received Import Request.
  Time since last request: 86.074129 seconds.
  path: Assets/Materials/AudNumbers/224.mat
  artifactKey: Guid(f55b5dceb888c6c4db3f04d4a6df6f7a) Importer(815301076,1909f56bfc062723c751e8b465ee728b)
Start importing Assets/Materials/AudNumbers/224.mat using Guid(f55b5dceb888c6c4db3f04d4a6df6f7a) Importer(815301076,1909f56bfc062723c751e8b465ee728b)  -> (artifact id: '14a9df870a899725a0ca7495667a181a') in 0.178071 seconds
Number of updated asset objects reloaded before import = 0
Number of asset objects unloaded after import = 2
========================================================================
Received Import Request.
  Time since last request: 3.206174 seconds.
  path: Assets/Materials/AudNumbers/214 1.mat
  artifactKey: Guid(0e0e150529eba874e983e2fb679a0823) Importer(815301076,1909f56bfc062723c751e8b465ee728b)
Start importing Assets/Materials/AudNumbers/214 1.mat using Guid(0e0e150529eba874e983e2fb679a0823) Importer(815301076,1909f56bfc062723c751e8b465ee728b)  -> (artifact id: '7304c619ca75116d651be658aca59627') in 0.027478 seconds
Number of updated asset objects reloaded before import = 0
Number of asset objects unloaded after import = 2
========================================================================
Received Import Request.
  Time since last request: 2.816333 seconds.
  path: Assets/Materials/AudNumbers/213.mat
  artifactKey: Guid(0e0e150529eba874e983e2fb679a0823) Importer(815301076,1909f56bfc062723c751e8b465ee728b)
Start importing Assets/Materials/AudNumbers/213.mat using Guid(0e0e150529eba874e983e2fb679a0823) Importer(815301076,1909f56bfc062723c751e8b465ee728b)  -> (artifact id: '2fef0097a980f370daf00773723622fa') in 0.018810 seconds
Number of updated asset objects reloaded before import = 0
Number of asset objects unloaded after import = 2
========================================================================
Received Import Request.
  Time since last request: 11.492794 seconds.
  path: Assets/Resources/213.mat
  artifactKey: Guid(0b2413b1936d74648a3966fdf9457815) Importer(815301076,1909f56bfc062723c751e8b465ee728b)
Start importing Assets/Resources/213.mat using Guid(0b2413b1936d74648a3966fdf9457815) Importer(815301076,1909f56bfc062723c751e8b465ee728b)  -> (artifact id: 'db17150bd6aff55ae74fceb7c2f86bce') in 0.027394 seconds
Number of updated asset objects reloaded before import = 0
Number of asset objects unloaded after import = 2
========================================================================
Received Prepare
Begin MonoManager ReloadAssembly
- Loaded All Assemblies, in  0.839 seconds
Refreshing native plugins compatible for Editor in 3.66 ms, found 3 plugins.
Native extension for WindowsStandalone target not found
Native extension for WebGL target not found
[Package Manager] Server::EnsureServerProcessIsRunning -- launch failed, reason: Unity was launched with the -noUpm command-line argument
[Package Manager] UpmClient::Send -- Unable to send message (not connected to UPM process).
[Package Manager] Cannot connect to Unity Package Manager local server
Mono: successfully reloaded assembly
- Finished resetting the current domain, in  2.491 seconds
Domain Reload Profiling: 3330ms
	BeginReloadAssembly (285ms)
		ExecutionOrderSort (0ms)
		DisableScriptedObjects (6ms)
		BackupInstance (0ms)
		ReleaseScriptingObjects (1ms)
		CreateAndSetChildDomain (51ms)
	RebuildCommonClasses (62ms)
	RebuildNativeTypeToScriptingClass (20ms)
	initialDomainReloadingComplete (40ms)
	LoadAllAssembliesAndSetupDomain (430ms)
		LoadAssemblies (590ms)
		RebuildTransferFunctionScriptingTraits (0ms)
		AnalyzeDomain (24ms)
			TypeCache.Refresh (10ms)
				TypeCache.ScanAssembly (0ms)
			ScanForSourceGeneratedMonoScriptInfo (1ms)
			ResolveRequiredComponents (11ms)
	FinalizeReload (2492ms)
		ReleaseScriptCaches (0ms)
		RebuildScriptCaches (0ms)
		SetupLoadedEditorAssemblies (804ms)
			LogAssemblyErrors (0ms)
			InitializePlatformSupportModulesInManaged (15ms)
			SetLoadedEditorAssemblies (6ms)
			RefreshPlugins (0ms)
			BeforeProcessingInitializeOnLoad (115ms)
			ProcessInitializeOnLoadAttributes (609ms)
			ProcessInitializeOnLoadMethodAttributes (53ms)
			AfterProcessingInitializeOnLoad (5ms)
			EditorAssembliesLoaded (0ms)
		ExecutionOrderSort2 (0ms)
		AwakeInstancesAfterBackupRestoration (16ms)
Refreshing native plugins compatible for Editor in 3.74 ms, found 3 plugins.
Preloading 0 native plugins for Editor in 0.00 ms.
Unloading 3133 Unused Serialized files (Serialized files now loaded: 0)
Unloading 22 unused Assets / (30.2 KB). Loaded Objects now: 3684.
Memory consumption went from 141.7 MB to 141.7 MB.
Total: 7.425500 ms (FindLiveObjects: 0.842400 ms CreateObjectMapping: 0.694100 ms MarkObjects: 5.779200 ms  DeleteObjects: 0.107700 ms)

Prepare: number of updated asset objects reloaded= 0
AssetImportParameters requested are different than current active one (requested -> active):
  custom:container-demuxer-ogg: 62fdf1f143b41e24485cea50d1cbac27 -> 
  custom:video-decoder-ogg-theora: a1e56fd34408186e4bbccfd4996cb3dc -> 
  custom:framework-win-MediaFoundation: 216162199b28c13a410421893ffa2e32 -> 
  custom:CustomObjectIndexerAttribute: 6d391050e5a25f67b0a2c618074f2cd9 -> 
  custom:container-demuxer-webm: 4f35f7cbe854078d1ac9338744f61a02 -> 
  custom:container-muxer-webm: aa71ff27fc2769a1b78a27578f13a17b -> 
  custom:video-decoder-webm-vp8: 9c59270c3fd7afecdb556c50c9e8de78 -> 
  custom:SearchIndexIgnoredProperties: e643bd26f0fe6173181afceb89e7c659 -> 
  custom:AudioImporter_EditorPlatform: d09bf68614088b80899f8185d706f6e7 -> 
  custom:video-encoder-webm-vp8: eb34c28f22e8b96e1ab97ce403110664 -> 
  custom:audio-decoder-ogg-vorbis: bf7c407c2cedff20999df2af8eb42d56 -> 
  custom:audio-encoder-webm-vorbis: bf7c407c2cedff20999df2af8eb42d56 -> 
========================================================================
Received Prepare
Refreshing native plugins compatible for Editor in 4.47 ms, found 3 plugins.
Preloading 0 native plugins for Editor in 0.00 ms.
Unloading 0 Unused Serialized files (Serialized files now loaded: 0)
Unloading 0 unused Assets / (0 B). Loaded Objects now: 3684.
Memory consumption went from 93.4 MB to 93.4 MB.
Total: 5.814900 ms (FindLiveObjects: 0.447700 ms CreateObjectMapping: 0.449900 ms MarkObjects: 4.895400 ms  DeleteObjects: 0.020600 ms)

Prepare: number of updated asset objects reloaded= 0
AssetImportParameters requested are different than current active one (requested -> active):
  custom:container-demuxer-ogg: 62fdf1f143b41e24485cea50d1cbac27 -> 
  custom:video-decoder-ogg-theora: a1e56fd34408186e4bbccfd4996cb3dc -> 
  custom:framework-win-MediaFoundation: 216162199b28c13a410421893ffa2e32 -> 
  custom:CustomObjectIndexerAttribute: 6d391050e5a25f67b0a2c618074f2cd9 -> 
  custom:container-demuxer-webm: 4f35f7cbe854078d1ac9338744f61a02 -> 
  custom:container-muxer-webm: aa71ff27fc2769a1b78a27578f13a17b -> 
  custom:video-decoder-webm-vp8: 9c59270c3fd7afecdb556c50c9e8de78 -> 
  custom:SearchIndexIgnoredProperties: e643bd26f0fe6173181afceb89e7c659 -> 
  custom:AudioImporter_EditorPlatform: d09bf68614088b80899f8185d706f6e7 -> 
  custom:video-encoder-webm-vp8: eb34c28f22e8b96e1ab97ce403110664 -> 
  custom:audio-decoder-ogg-vorbis: bf7c407c2cedff20999df2af8eb42d56 -> 
  custom:audio-encoder-webm-vorbis: bf7c407c2cedff20999df2af8eb42d56 -> 
========================================================================
Received Import Request.
  Time since last request: 266.152935 seconds.
  path: Assets/Scenes/C6F2 RU 1.unity
  artifactKey: Guid(35d4a36d7c85c6741818de437b1d01ff) Importer(815301076,1909f56bfc062723c751e8b465ee728b)
Start importing Assets/Scenes/C6F2 RU 1.unity using Guid(35d4a36d7c85c6741818de437b1d01ff) Importer(815301076,1909f56bfc062723c751e8b465ee728b)  -> (artifact id: '30151bb3c140079d15b69b5ae902666b') in 0.217478 seconds
Number of updated asset objects reloaded before import = 0
Number of asset objects unloaded after import = 0
========================================================================
Received Import Request.
  Time since last request: 7.386166 seconds.
  path: Assets/Scenes/C6F2 ENG.unity
  artifactKey: Guid(35d4a36d7c85c6741818de437b1d01ff) Importer(815301076,1909f56bfc062723c751e8b465ee728b)
Start importing Assets/Scenes/C6F2 ENG.unity using Guid(35d4a36d7c85c6741818de437b1d01ff) Importer(815301076,1909f56bfc062723c751e8b465ee728b)  -> (artifact id: '7b8df6275a7395a6a60c3ade49152a0b') in 0.002748 seconds
Number of updated asset objects reloaded before import = 0
Number of asset objects unloaded after import = 0
========================================================================
Received Import Request.
  Time since last request: 283.130746 seconds.
  path: Assets/Scenes/C6F1 ENG.unity
  artifactKey: Guid(131482e0e470b794886dc94116f17169) Importer(815301076,1909f56bfc062723c751e8b465ee728b)
Start importing Assets/Scenes/C6F1 ENG.unity using Guid(131482e0e470b794886dc94116f17169) Importer(815301076,1909f56bfc062723c751e8b465ee728b)  -> (artifact id: '9e3146c754b34e9c535ae798afd09ce8') in 0.013122 seconds
Number of updated asset objects reloaded before import = 0
Number of asset objects unloaded after import = 0
========================================================================
Received Import Request.
  Time since last request: 6.518810 seconds.
  path: Assets/Scenes/C6F2 RU.unity
  artifactKey: Guid(d62d00b4f0f287a4881e5c2d95782c42) Importer(815301076,1909f56bfc062723c751e8b465ee728b)
Start importing Assets/Scenes/C6F2 RU.unity using Guid(d62d00b4f0f287a4881e5c2d95782c42) Importer(815301076,1909f56bfc062723c751e8b465ee728b)  -> (artifact id: '1fa592da2240eabd9e6c69474a48493b') in 0.013531 seconds
Number of updated asset objects reloaded before import = 0
Number of asset objects unloaded after import = 0
========================================================================
Received Import Request.
  Time since last request: 224.450134 seconds.
  path: Assets/Scenes/C6F2 ENG.unity
  artifactKey: Guid(35d4a36d7c85c6741818de437b1d01ff) Importer(815301076,1909f56bfc062723c751e8b465ee728b)
Start importing Assets/Scenes/C6F2 ENG.unity using Guid(35d4a36d7c85c6741818de437b1d01ff) Importer(815301076,1909f56bfc062723c751e8b465ee728b)  -> (artifact id: '4b3549cb6a5918493a25b98d6ab4d077') in 0.011204 seconds
Number of updated asset objects reloaded before import = 0
Number of asset objects unloaded after import = 0
========================================================================
Received Import Request.
  Time since last request: 2.013466 seconds.
  path: Assets/Scenes/C6F2 RU.unity
  artifactKey: Guid(d62d00b4f0f287a4881e5c2d95782c42) Importer(815301076,1909f56bfc062723c751e8b465ee728b)
Start importing Assets/Scenes/C6F2 RU.unity using Guid(d62d00b4f0f287a4881e5c2d95782c42) Importer(815301076,1909f56bfc062723c751e8b465ee728b)  -> (artifact id: '779f864ac91eacf5f0089a36de320561') in 0.010318 seconds
Number of updated asset objects reloaded before import = 0
Number of asset objects unloaded after import = 0
========================================================================
Received Import Request.
  Time since last request: 421.864940 seconds.
  path: Assets/Scenes/Menu.unity
  artifactKey: Guid(14f23c0a797e39e47a931f3c834cdbb3) Importer(815301076,1909f56bfc062723c751e8b465ee728b)
Start importing Assets/Scenes/Menu.unity using Guid(14f23c0a797e39e47a931f3c834cdbb3) Importer(815301076,1909f56bfc062723c751e8b465ee728b)  -> (artifact id: '88bd42635bc3d29df52abdf1009d5ce3') in 0.014298 seconds
Number of updated asset objects reloaded before import = 0
Number of asset objects unloaded after import = 0
========================================================================
Received Prepare
Refreshing native plugins compatible for Editor in 5.10 ms, found 3 plugins.
Preloading 0 native plugins for Editor in 0.00 ms.
Unloading 0 Unused Serialized files (Serialized files now loaded: 0)
Unloading 0 unused Assets / (0 B). Loaded Objects now: 3684.
Memory consumption went from 93.0 MB to 93.0 MB.
Total: 138.864100 ms (FindLiveObjects: 4.026200 ms CreateObjectMapping: 0.253200 ms MarkObjects: 134.567800 ms  DeleteObjects: 0.013900 ms)

Prepare: number of updated asset objects reloaded= 0
AssetImportParameters requested are different than current active one (requested -> active):
  custom:container-demuxer-ogg: 62fdf1f143b41e24485cea50d1cbac27 -> 
  custom:video-decoder-ogg-theora: a1e56fd34408186e4bbccfd4996cb3dc -> 
  custom:framework-win-MediaFoundation: 216162199b28c13a410421893ffa2e32 -> 
  custom:CustomObjectIndexerAttribute: 6d391050e5a25f67b0a2c618074f2cd9 -> 
  custom:container-demuxer-webm: 4f35f7cbe854078d1ac9338744f61a02 -> 
  custom:container-muxer-webm: aa71ff27fc2769a1b78a27578f13a17b -> 
  custom:video-decoder-webm-vp8: 9c59270c3fd7afecdb556c50c9e8de78 -> 
  custom:SearchIndexIgnoredProperties: e643bd26f0fe6173181afceb89e7c659 -> 
  custom:AudioImporter_EditorPlatform: d09bf68614088b80899f8185d706f6e7 -> 
  custom:video-encoder-webm-vp8: eb34c28f22e8b96e1ab97ce403110664 -> 
  custom:audio-decoder-ogg-vorbis: bf7c407c2cedff20999df2af8eb42d56 -> 
  custom:audio-encoder-webm-vorbis: bf7c407c2cedff20999df2af8eb42d56 -> 
========================================================================
Received Import Request.
  Time since last request: 285.123347 seconds.
  path: Assets/Scenes/C6F2 RU.unity
  artifactKey: Guid(d62d00b4f0f287a4881e5c2d95782c42) Importer(815301076,1909f56bfc062723c751e8b465ee728b)
Start importing Assets/Scenes/C6F2 RU.unity using Guid(d62d00b4f0f287a4881e5c2d95782c42) Importer(815301076,1909f56bfc062723c751e8b465ee728b)  -> (artifact id: '71a4d498b8e93fe4e4dcb61ef8192c18') in 0.062298 seconds
Number of updated asset objects reloaded before import = 0
Number of asset objects unloaded after import = 0
========================================================================
Received Import Request.
  Time since last request: 8.676178 seconds.
  path: Assets/Scenes/C6F2 ENG.unity
  artifactKey: Guid(35d4a36d7c85c6741818de437b1d01ff) Importer(815301076,1909f56bfc062723c751e8b465ee728b)
Start importing Assets/Scenes/C6F2 ENG.unity using Guid(35d4a36d7c85c6741818de437b1d01ff) Importer(815301076,1909f56bfc062723c751e8b465ee728b)  -> (artifact id: '16dff64252ec30e75f290d23eece26be') in 0.003944 seconds
Number of updated asset objects reloaded before import = 0
Number of asset objects unloaded after import = 0
========================================================================
Received Prepare
Begin MonoManager ReloadAssembly
- Loaded All Assemblies, in  3.037 seconds
Refreshing native plugins compatible for Editor in 4.68 ms, found 3 plugins.
Native extension for WindowsStandalone target not found
Native extension for WebGL target not found
[Package Manager] Server::EnsureServerProcessIsRunning -- launch failed, reason: Unity was launched with the -noUpm command-line argument
[Package Manager] UpmClient::Send -- Unable to send message (not connected to UPM process).
[Package Manager] Cannot connect to Unity Package Manager local server
Mono: successfully reloaded assembly
- Finished resetting the current domain, in  3.254 seconds
Domain Reload Profiling: 6301ms
	BeginReloadAssembly (1306ms)
		ExecutionOrderSort (0ms)
		DisableScriptedObjects (56ms)
		BackupInstance (0ms)
		ReleaseScriptingObjects (4ms)
		CreateAndSetChildDomain (582ms)
	RebuildCommonClasses (107ms)
	RebuildNativeTypeToScriptingClass (24ms)
	initialDomainReloadingComplete (85ms)
	LoadAllAssembliesAndSetupDomain (1524ms)
		LoadAssemblies (1886ms)
		RebuildTransferFunctionScriptingTraits (0ms)
		AnalyzeDomain (75ms)
			TypeCache.Refresh (41ms)
				TypeCache.ScanAssembly (0ms)
			ScanForSourceGeneratedMonoScriptInfo (5ms)
			ResolveRequiredComponents (25ms)
	FinalizeReload (3255ms)
		ReleaseScriptCaches (0ms)
		RebuildScriptCaches (0ms)
		SetupLoadedEditorAssemblies (991ms)
			LogAssemblyErrors (0ms)
			InitializePlatformSupportModulesInManaged (19ms)
			SetLoadedEditorAssemblies (11ms)
			RefreshPlugins (0ms)
			BeforeProcessingInitializeOnLoad (157ms)
			ProcessInitializeOnLoadAttributes (747ms)
			ProcessInitializeOnLoadMethodAttributes (52ms)
			AfterProcessingInitializeOnLoad (5ms)
			EditorAssembliesLoaded (1ms)
		ExecutionOrderSort2 (0ms)
		AwakeInstancesAfterBackupRestoration (16ms)
Refreshing native plugins compatible for Editor in 4.01 ms, found 3 plugins.
Preloading 0 native plugins for Editor in 0.00 ms.
Unloading 3133 Unused Serialized files (Serialized files now loaded: 0)
Unloading 22 unused Assets / (30.2 KB). Loaded Objects now: 3687.
Memory consumption went from 143.6 MB to 143.6 MB.
Total: 7.290800 ms (FindLiveObjects: 0.405100 ms CreateObjectMapping: 0.405700 ms MarkObjects: 6.298700 ms  DeleteObjects: 0.179600 ms)

Prepare: number of updated asset objects reloaded= 0
AssetImportParameters requested are different than current active one (requested -> active):
  custom:container-demuxer-ogg: 62fdf1f143b41e24485cea50d1cbac27 -> 
  custom:video-decoder-ogg-theora: a1e56fd34408186e4bbccfd4996cb3dc -> 
  custom:framework-win-MediaFoundation: 216162199b28c13a410421893ffa2e32 -> 
  custom:CustomObjectIndexerAttribute: 6d391050e5a25f67b0a2c618074f2cd9 -> 
  custom:container-demuxer-webm: 4f35f7cbe854078d1ac9338744f61a02 -> 
  custom:container-muxer-webm: aa71ff27fc2769a1b78a27578f13a17b -> 
  custom:video-decoder-webm-vp8: 9c59270c3fd7afecdb556c50c9e8de78 -> 
  custom:SearchIndexIgnoredProperties: e643bd26f0fe6173181afceb89e7c659 -> 
  custom:AudioImporter_EditorPlatform: d09bf68614088b80899f8185d706f6e7 -> 
  custom:video-encoder-webm-vp8: eb34c28f22e8b96e1ab97ce403110664 -> 
  custom:audio-decoder-ogg-vorbis: bf7c407c2cedff20999df2af8eb42d56 -> 
  custom:audio-encoder-webm-vorbis: bf7c407c2cedff20999df2af8eb42d56 -> 
========================================================================
Received Prepare
Begin MonoManager ReloadAssembly
- Loaded All Assemblies, in  2.745 seconds
Refreshing native plugins compatible for Editor in 20.53 ms, found 3 plugins.
Native extension for WindowsStandalone target not found
Native extension for WebGL target not found
[Package Manager] Server::EnsureServerProcessIsRunning -- launch failed, reason: Unity was launched with the -noUpm command-line argument
[Package Manager] UpmClient::Send -- Unable to send message (not connected to UPM process).
[Package Manager] Cannot connect to Unity Package Manager local server
Mono: successfully reloaded assembly
- Finished resetting the current domain, in  5.393 seconds
Domain Reload Profiling: 8140ms
	BeginReloadAssembly (880ms)
		ExecutionOrderSort (0ms)
		DisableScriptedObjects (17ms)
		BackupInstance (0ms)
		ReleaseScriptingObjects (0ms)
		CreateAndSetChildDomain (213ms)
	RebuildCommonClasses (220ms)
	RebuildNativeTypeToScriptingClass (33ms)
	initialDomainReloadingComplete (102ms)
	LoadAllAssembliesAndSetupDomain (1511ms)
		LoadAssemblies (2016ms)
		RebuildTransferFunctionScriptingTraits (0ms)
		AnalyzeDomain (49ms)
			TypeCache.Refresh (15ms)
				TypeCache.ScanAssembly (0ms)
			ScanForSourceGeneratedMonoScriptInfo (1ms)
			ResolveRequiredComponents (26ms)
	FinalizeReload (5395ms)
		ReleaseScriptCaches (0ms)
		RebuildScriptCaches (0ms)
		SetupLoadedEditorAssemblies (1229ms)
			LogAssemblyErrors (0ms)
			InitializePlatformSupportModulesInManaged (19ms)
			SetLoadedEditorAssemblies (9ms)
			RefreshPlugins (0ms)
			BeforeProcessingInitializeOnLoad (190ms)
			ProcessInitializeOnLoadAttributes (930ms)
			ProcessInitializeOnLoadMethodAttributes (68ms)
			AfterProcessingInitializeOnLoad (13ms)
			EditorAssembliesLoaded (0ms)
		ExecutionOrderSort2 (0ms)
		AwakeInstancesAfterBackupRestoration (20ms)
Refreshing native plugins compatible for Editor in 6.77 ms, found 3 plugins.
Preloading 0 native plugins for Editor in 0.00 ms.
Unloading 3133 Unused Serialized files (Serialized files now loaded: 0)
Unloading 22 unused Assets / (30.2 KB). Loaded Objects now: 3690.
Memory consumption went from 145.6 MB to 145.5 MB.
Total: 23.507300 ms (FindLiveObjects: 1.217400 ms CreateObjectMapping: 0.562100 ms MarkObjects: 20.706600 ms  DeleteObjects: 1.018800 ms)

Prepare: number of updated asset objects reloaded= 0
AssetImportParameters requested are different than current active one (requested -> active):
  custom:container-demuxer-ogg: 62fdf1f143b41e24485cea50d1cbac27 -> 
  custom:video-decoder-ogg-theora: a1e56fd34408186e4bbccfd4996cb3dc -> 
  custom:framework-win-MediaFoundation: 216162199b28c13a410421893ffa2e32 -> 
  custom:CustomObjectIndexerAttribute: 6d391050e5a25f67b0a2c618074f2cd9 -> 
  custom:container-demuxer-webm: 4f35f7cbe854078d1ac9338744f61a02 -> 
  custom:container-muxer-webm: aa71ff27fc2769a1b78a27578f13a17b -> 
  custom:video-decoder-webm-vp8: 9c59270c3fd7afecdb556c50c9e8de78 -> 
  custom:SearchIndexIgnoredProperties: e643bd26f0fe6173181afceb89e7c659 -> 
  custom:AudioImporter_EditorPlatform: d09bf68614088b80899f8185d706f6e7 -> 
  custom:video-encoder-webm-vp8: eb34c28f22e8b96e1ab97ce403110664 -> 
  custom:audio-decoder-ogg-vorbis: bf7c407c2cedff20999df2af8eb42d56 -> 
  custom:audio-encoder-webm-vorbis: bf7c407c2cedff20999df2af8eb42d56 -> 
========================================================================
Received Prepare
Begin MonoManager ReloadAssembly
- Loaded All Assemblies, in  1.793 seconds
Refreshing native plugins compatible for Editor in 6.58 ms, found 3 plugins.
Native extension for WindowsStandalone target not found
Native extension for WebGL target not found
[Package Manager] Server::EnsureServerProcessIsRunning -- launch failed, reason: Unity was launched with the -noUpm command-line argument
[Package Manager] UpmClient::Send -- Unable to send message (not connected to UPM process).
[Package Manager] Cannot connect to Unity Package Manager local server
Mono: successfully reloaded assembly
- Finished resetting the current domain, in  3.231 seconds
Domain Reload Profiling: 5024ms
	BeginReloadAssembly (301ms)
		ExecutionOrderSort (0ms)
		DisableScriptedObjects (9ms)
		BackupInstance (0ms)
		ReleaseScriptingObjects (0ms)
		CreateAndSetChildDomain (51ms)
	RebuildCommonClasses (75ms)
	RebuildNativeTypeToScriptingClass (17ms)
	initialDomainReloadingComplete (52ms)
	LoadAllAssembliesAndSetupDomain (1347ms)
		LoadAssemblies (1449ms)
		RebuildTransferFunctionScriptingTraits (0ms)
		AnalyzeDomain (78ms)
			TypeCache.Refresh (40ms)
				TypeCache.ScanAssembly (0ms)
			ScanForSourceGeneratedMonoScriptInfo (2ms)
			ResolveRequiredComponents (32ms)
	FinalizeReload (3232ms)
		ReleaseScriptCaches (0ms)
		RebuildScriptCaches (0ms)
		SetupLoadedEditorAssemblies (937ms)
			LogAssemblyErrors (0ms)
			InitializePlatformSupportModulesInManaged (16ms)
			SetLoadedEditorAssemblies (11ms)
			RefreshPlugins (0ms)
			BeforeProcessingInitializeOnLoad (130ms)
			ProcessInitializeOnLoadAttributes (718ms)
			ProcessInitializeOnLoadMethodAttributes (55ms)
			AfterProcessingInitializeOnLoad (5ms)
			EditorAssembliesLoaded (0ms)
		ExecutionOrderSort2 (0ms)
		AwakeInstancesAfterBackupRestoration (26ms)
Refreshing native plugins compatible for Editor in 5.95 ms, found 3 plugins.
Preloading 0 native plugins for Editor in 0.00 ms.
Unloading 3133 Unused Serialized files (Serialized files now loaded: 0)
Unloading 22 unused Assets / (30.2 KB). Loaded Objects now: 3693.
Memory consumption went from 147.5 MB to 147.4 MB.
Total: 11.346900 ms (FindLiveObjects: 1.014900 ms CreateObjectMapping: 1.284400 ms MarkObjects: 8.971900 ms  DeleteObjects: 0.073400 ms)

Prepare: number of updated asset objects reloaded= 0
AssetImportParameters requested are different than current active one (requested -> active):
  custom:container-demuxer-ogg: 62fdf1f143b41e24485cea50d1cbac27 -> 
  custom:video-decoder-ogg-theora: a1e56fd34408186e4bbccfd4996cb3dc -> 
  custom:framework-win-MediaFoundation: 216162199b28c13a410421893ffa2e32 -> 
  custom:CustomObjectIndexerAttribute: 6d391050e5a25f67b0a2c618074f2cd9 -> 
  custom:container-demuxer-webm: 4f35f7cbe854078d1ac9338744f61a02 -> 
  custom:container-muxer-webm: aa71ff27fc2769a1b78a27578f13a17b -> 
  custom:video-decoder-webm-vp8: 9c59270c3fd7afecdb556c50c9e8de78 -> 
  custom:SearchIndexIgnoredProperties: e643bd26f0fe6173181afceb89e7c659 -> 
  custom:AudioImporter_EditorPlatform: d09bf68614088b80899f8185d706f6e7 -> 
  custom:video-encoder-webm-vp8: eb34c28f22e8b96e1ab97ce403110664 -> 
  custom:audio-decoder-ogg-vorbis: bf7c407c2cedff20999df2af8eb42d56 -> 
  custom:audio-encoder-webm-vorbis: bf7c407c2cedff20999df2af8eb42d56 -> 
